{"numTotalTestSuites":32,"numPassedTestSuites":32,"numFailedTestSuites":0,"numPendingTestSuites":0,"numTotalTests":92,"numPassedTests":92,"numFailedTests":0,"numPendingTests":0,"numTodoTests":0,"startTime":1775630476281,"success":true,"testResults":[{"assertionResults":[{"ancestorTitles":["","Category Rule Routes","POST /:workspaceId/rules"],"fullName":" Category Rule Routes POST /:workspaceId/rules should create category rule successfully","status":"passed","title":"should create category rule successfully","duration":221,"failureMessages":[]},{"ancestorTitles":["","Category Rule Routes","POST /:workspaceId/rules"],"fullName":" Category Rule Routes POST /:workspaceId/rules should return 400 for missing required fields","status":"passed","title":"should return 400 for missing required fields","duration":63,"failureMessages":[]},{"ancestorTitles":["","Category Rule Routes","POST /:workspaceId/rules"],"fullName":" Category Rule Routes POST /:workspaceId/rules should return 400 for invalid conditionType","status":"passed","title":"should return 400 for invalid conditionType","duration":54,"failureMessages":[]},{"ancestorTitles":["","Category Rule Routes","POST /:workspaceId/rules"],"fullName":" Category Rule Routes POST /:workspaceId/rules should return 400 for invalid workspaceId format","status":"passed","title":"should return 400 for invalid workspaceId format","duration":49,"failureMessages":[]},{"ancestorTitles":["","Category Rule Routes","POST /:workspaceId/rules"],"fullName":" Category Rule Routes POST /:workspaceId/rules should return 400 for invalid targetCategoryId format","status":"passed","title":"should return 400 for invalid targetCategoryId format","duration":56,"failureMessages":[]},{"ancestorTitles":["","Category Rule Routes","POST /:workspaceId/rules"],"fullName":" Category Rule Routes POST /:workspaceId/rules should return 400 for empty name","status":"passed","title":"should return 400 for empty name","duration":46,"failureMessages":[]},{"ancestorTitles":["","Category Rule Routes","POST /:workspaceId/rules"],"fullName":" Category Rule Routes POST /:workspaceId/rules should return 400 for name exceeding max length","status":"passed","title":"should return 400 for name exceeding max length","duration":51,"failureMessages":[]},{"ancestorTitles":["","Category Rule Routes","POST /:workspaceId/rules"],"fullName":" Category Rule Routes POST /:workspaceId/rules should return 400 for negative priority","status":"passed","title":"should return 400 for negative priority","duration":42,"failureMessages":[]},{"ancestorTitles":["","Category Rule Routes","POST /:workspaceId/rules"],"fullName":" Category Rule Routes POST /:workspaceId/rules should return 409 for duplicate rule name","status":"passed","title":"should return 409 for duplicate rule name","duration":40,"failureMessages":[]},{"ancestorTitles":["","Category Rule Routes","POST /:workspaceId/rules"],"fullName":" Category Rule Routes POST /:workspaceId/rules should handle service errors gracefully","status":"passed","title":"should handle service errors gracefully","duration":40,"failureMessages":[]},{"ancestorTitles":["","Category Rule Routes","GET /:workspaceId/rules"],"fullName":" Category Rule Routes GET /:workspaceId/rules should list all category rules","status":"passed","title":"should list all category rules","duration":66,"failureMessages":[]},{"ancestorTitles":["","Category Rule Routes","GET /:workspaceId/rules"],"fullName":" Category Rule Routes GET /:workspaceId/rules should filter by active rules only","status":"passed","title":"should filter by active rules only","duration":51,"failureMessages":[]},{"ancestorTitles":["","Category Rule Routes","GET /:workspaceId/rules"],"fullName":" Category Rule Routes GET /:workspaceId/rules should return empty array when no rules exist","status":"passed","title":"should return empty array when no rules exist","duration":33,"failureMessages":[]},{"ancestorTitles":["","Category Rule Routes","GET /:workspaceId/rules"],"fullName":" Category Rule Routes GET /:workspaceId/rules should return 400 for invalid workspaceId","status":"passed","title":"should return 400 for invalid workspaceId","duration":51,"failureMessages":[]},{"ancestorTitles":["","Category Rule Routes","GET /:workspaceId/rules/:ruleId"],"fullName":" Category Rule Routes GET /:workspaceId/rules/:ruleId should get category rule by ID","status":"passed","title":"should get category rule by ID","duration":36,"failureMessages":[]},{"ancestorTitles":["","Category Rule Routes","GET /:workspaceId/rules/:ruleId"],"fullName":" Category Rule Routes GET /:workspaceId/rules/:ruleId should return 404 for non-existent rule","status":"passed","title":"should return 404 for non-existent rule","duration":35,"failureMessages":[]},{"ancestorTitles":["","Category Rule Routes","GET /:workspaceId/rules/:ruleId"],"fullName":" Category Rule Routes GET /:workspaceId/rules/:ruleId should return 400 for invalid ruleId format","status":"passed","title":"should return 400 for invalid ruleId format","duration":30,"failureMessages":[]},{"ancestorTitles":["","Category Rule Routes","PATCH /:workspaceId/rules/:ruleId"],"fullName":" Category Rule Routes PATCH /:workspaceId/rules/:ruleId should update category rule name","status":"passed","title":"should update category rule name","duration":68,"failureMessages":[]},{"ancestorTitles":["","Category Rule Routes","PATCH /:workspaceId/rules/:ruleId"],"fullName":" Category Rule Routes PATCH /:workspaceId/rules/:ruleId should update category rule priority","status":"passed","title":"should update category rule priority","duration":52,"failureMessages":[]},{"ancestorTitles":["","Category Rule Routes","PATCH /:workspaceId/rules/:ruleId"],"fullName":" Category Rule Routes PATCH /:workspaceId/rules/:ruleId should update category rule condition","status":"passed","title":"should update category rule condition","duration":52,"failureMessages":[]},{"ancestorTitles":["","Category Rule Routes","PATCH /:workspaceId/rules/:ruleId"],"fullName":" Category Rule Routes PATCH /:workspaceId/rules/:ruleId should return 404 for non-existent rule","status":"passed","title":"should return 404 for non-existent rule","duration":45,"failureMessages":[]},{"ancestorTitles":["","Category Rule Routes","PATCH /:workspaceId/rules/:ruleId"],"fullName":" Category Rule Routes PATCH /:workspaceId/rules/:ruleId should return 400 for empty name","status":"passed","title":"should return 400 for empty name","duration":95,"failureMessages":[]},{"ancestorTitles":["","Category Rule Routes","PATCH /:workspaceId/rules/:ruleId"],"fullName":" Category Rule Routes PATCH /:workspaceId/rules/:ruleId should return 403 for unauthorized access","status":"passed","title":"should return 403 for unauthorized access","duration":77,"failureMessages":[]},{"ancestorTitles":["","Category Rule Routes","DELETE /:workspaceId/rules/:ruleId"],"fullName":" Category Rule Routes DELETE /:workspaceId/rules/:ruleId should delete category rule","status":"passed","title":"should delete category rule","duration":50,"failureMessages":[]},{"ancestorTitles":["","Category Rule Routes","DELETE /:workspaceId/rules/:ruleId"],"fullName":" Category Rule Routes DELETE /:workspaceId/rules/:ruleId should return 404 for non-existent rule","status":"passed","title":"should return 404 for non-existent rule","duration":37,"failureMessages":[]},{"ancestorTitles":["","Category Rule Routes","DELETE /:workspaceId/rules/:ruleId"],"fullName":" Category Rule Routes DELETE /:workspaceId/rules/:ruleId should return 400 for invalid ruleId format","status":"passed","title":"should return 400 for invalid ruleId format","duration":31,"failureMessages":[]},{"ancestorTitles":["","Category Rule Routes","PATCH /:workspaceId/rules/:ruleId/activate"],"fullName":" Category Rule Routes PATCH /:workspaceId/rules/:ruleId/activate should activate category rule","status":"passed","title":"should activate category rule","duration":33,"failureMessages":[]},{"ancestorTitles":["","Category Rule Routes","PATCH /:workspaceId/rules/:ruleId/activate"],"fullName":" Category Rule Routes PATCH /:workspaceId/rules/:ruleId/activate should return 404 for non-existent rule","status":"passed","title":"should return 404 for non-existent rule","duration":38,"failureMessages":[]},{"ancestorTitles":["","Category Rule Routes","PATCH /:workspaceId/rules/:ruleId/activate"],"fullName":" Category Rule Routes PATCH /:workspaceId/rules/:ruleId/activate should return 400 for invalid ruleId","status":"passed","title":"should return 400 for invalid ruleId","duration":33,"failureMessages":[]},{"ancestorTitles":["","Category Rule Routes","PATCH /:workspaceId/rules/:ruleId/deactivate"],"fullName":" Category Rule Routes PATCH /:workspaceId/rules/:ruleId/deactivate should deactivate category rule","status":"passed","title":"should deactivate category rule","duration":43,"failureMessages":[]},{"ancestorTitles":["","Category Rule Routes","PATCH /:workspaceId/rules/:ruleId/deactivate"],"fullName":" Category Rule Routes PATCH /:workspaceId/rules/:ruleId/deactivate should return 404 for non-existent rule","status":"passed","title":"should return 404 for non-existent rule","duration":49,"failureMessages":[]},{"ancestorTitles":["","Category Rule Routes","GET /:workspaceId/rules/:ruleId/executions"],"fullName":" Category Rule Routes GET /:workspaceId/rules/:ruleId/executions should get rule executions","status":"passed","title":"should get rule executions","duration":43,"failureMessages":[]},{"ancestorTitles":["","Category Rule Routes","GET /:workspaceId/rules/:ruleId/executions"],"fullName":" Category Rule Routes GET /:workspaceId/rules/:ruleId/executions should return empty array when no executions","status":"passed","title":"should return empty array when no executions","duration":46,"failureMessages":[]},{"ancestorTitles":["","Category Suggestion Routes","POST /:workspaceId/suggestions"],"fullName":" Category Suggestion Routes POST /:workspaceId/suggestions should create suggestion successfully","status":"passed","title":"should create suggestion successfully","duration":45,"failureMessages":[]},{"ancestorTitles":["","Category Suggestion Routes","POST /:workspaceId/suggestions"],"fullName":" Category Suggestion Routes POST /:workspaceId/suggestions should return 400 for missing required fields","status":"passed","title":"should return 400 for missing required fields","duration":31,"failureMessages":[]},{"ancestorTitles":["","Category Suggestion Routes","POST /:workspaceId/suggestions"],"fullName":" Category Suggestion Routes POST /:workspaceId/suggestions should return 400 for invalid confidence (> 1)","status":"passed","title":"should return 400 for invalid confidence (> 1)","duration":33,"failureMessages":[]},{"ancestorTitles":["","Category Suggestion Routes","POST /:workspaceId/suggestions"],"fullName":" Category Suggestion Routes POST /:workspaceId/suggestions should return 400 for invalid confidence (< 0)","status":"passed","title":"should return 400 for invalid confidence (< 0)","duration":42,"failureMessages":[]},{"ancestorTitles":["","Category Suggestion Routes","POST /:workspaceId/suggestions"],"fullName":" Category Suggestion Routes POST /:workspaceId/suggestions should return 400 for invalid expenseId format","status":"passed","title":"should return 400 for invalid expenseId format","duration":30,"failureMessages":[]},{"ancestorTitles":["","Category Suggestion Routes","GET /:workspaceId/suggestions"],"fullName":" Category Suggestion Routes GET /:workspaceId/suggestions should list all suggestions","status":"passed","title":"should list all suggestions","duration":40,"failureMessages":[]},{"ancestorTitles":["","Category Suggestion Routes","GET /:workspaceId/suggestions"],"fullName":" Category Suggestion Routes GET /:workspaceId/suggestions should filter pending suggestions only","status":"passed","title":"should filter pending suggestions only","duration":32,"failureMessages":[]},{"ancestorTitles":["","Category Suggestion Routes","GET /:workspaceId/suggestions"],"fullName":" Category Suggestion Routes GET /:workspaceId/suggestions should return 400 for invalid workspaceId","status":"passed","title":"should return 400 for invalid workspaceId","duration":33,"failureMessages":[]},{"ancestorTitles":["","Category Suggestion Routes","GET /:workspaceId/suggestions/:suggestionId"],"fullName":" Category Suggestion Routes GET /:workspaceId/suggestions/:suggestionId should get suggestion by ID","status":"passed","title":"should get suggestion by ID","duration":47,"failureMessages":[]},{"ancestorTitles":["","Category Suggestion Routes","GET /:workspaceId/suggestions/:suggestionId"],"fullName":" Category Suggestion Routes GET /:workspaceId/suggestions/:suggestionId should return 404 for non-existent suggestion","status":"passed","title":"should return 404 for non-existent suggestion","duration":27,"failureMessages":[]},{"ancestorTitles":["","Category Suggestion Routes","GET /:workspaceId/suggestions/expense/:expenseId"],"fullName":" Category Suggestion Routes GET /:workspaceId/suggestions/expense/:expenseId should get suggestions for expense","status":"passed","title":"should get suggestions for expense","duration":45,"failureMessages":[]},{"ancestorTitles":["","Category Suggestion Routes","GET /:workspaceId/suggestions/expense/:expenseId"],"fullName":" Category Suggestion Routes GET /:workspaceId/suggestions/expense/:expenseId should return empty array when no suggestions for expense","status":"passed","title":"should return empty array when no suggestions for expense","duration":56,"failureMessages":[]},{"ancestorTitles":["","Category Suggestion Routes","GET /:workspaceId/suggestions/expense/:expenseId"],"fullName":" Category Suggestion Routes GET /:workspaceId/suggestions/expense/:expenseId should return 400 for invalid expenseId format","status":"passed","title":"should return 400 for invalid expenseId format","duration":64,"failureMessages":[]},{"ancestorTitles":["","Category Suggestion Routes","PATCH /:workspaceId/suggestions/:suggestionId/accept"],"fullName":" Category Suggestion Routes PATCH /:workspaceId/suggestions/:suggestionId/accept should accept suggestion successfully","status":"passed","title":"should accept suggestion successfully","duration":54,"failureMessages":[]},{"ancestorTitles":["","Category Suggestion Routes","PATCH /:workspaceId/suggestions/:suggestionId/accept"],"fullName":" Category Suggestion Routes PATCH /:workspaceId/suggestions/:suggestionId/accept should return 404 for non-existent suggestion","status":"passed","title":"should return 404 for non-existent suggestion","duration":40,"failureMessages":[]},{"ancestorTitles":["","Category Suggestion Routes","PATCH /:workspaceId/suggestions/:suggestionId/accept"],"fullName":" Category Suggestion Routes PATCH /:workspaceId/suggestions/:suggestionId/accept should return 409 for already responded suggestion","status":"passed","title":"should return 409 for already responded suggestion","duration":31,"failureMessages":[]},{"ancestorTitles":["","Category Suggestion Routes","PATCH /:workspaceId/suggestions/:suggestionId/reject"],"fullName":" Category Suggestion Routes PATCH /:workspaceId/suggestions/:suggestionId/reject should reject suggestion successfully","status":"passed","title":"should reject suggestion successfully","duration":33,"failureMessages":[]},{"ancestorTitles":["","Category Suggestion Routes","PATCH /:workspaceId/suggestions/:suggestionId/reject"],"fullName":" Category Suggestion Routes PATCH /:workspaceId/suggestions/:suggestionId/reject should return 404 for non-existent suggestion","status":"passed","title":"should return 404 for non-existent suggestion","duration":44,"failureMessages":[]},{"ancestorTitles":["","Category Suggestion Routes","PATCH /:workspaceId/suggestions/:suggestionId/reject"],"fullName":" Category Suggestion Routes PATCH /:workspaceId/suggestions/:suggestionId/reject should return 409 for already responded suggestion","status":"passed","title":"should return 409 for already responded suggestion","duration":39,"failureMessages":[]},{"ancestorTitles":["","Category Suggestion Routes","DELETE /:workspaceId/suggestions/:suggestionId"],"fullName":" Category Suggestion Routes DELETE /:workspaceId/suggestions/:suggestionId should delete suggestion successfully","status":"passed","title":"should delete suggestion successfully","duration":37,"failureMessages":[]},{"ancestorTitles":["","Category Suggestion Routes","DELETE /:workspaceId/suggestions/:suggestionId"],"fullName":" Category Suggestion Routes DELETE /:workspaceId/suggestions/:suggestionId should return 404 for non-existent suggestion","status":"passed","title":"should return 404 for non-existent suggestion","duration":30,"failureMessages":[]},{"ancestorTitles":["","Rule Execution Routes","POST /:workspaceId/evaluate"],"fullName":" Rule Execution Routes POST /:workspaceId/evaluate should evaluate rules successfully","status":"passed","title":"should evaluate rules successfully","duration":61,"failureMessages":[]},{"ancestorTitles":["","Rule Execution Routes","POST /:workspaceId/evaluate"],"fullName":" Rule Execution Routes POST /:workspaceId/evaluate should return 400 for missing expenseId","status":"passed","title":"should return 400 for missing expenseId","duration":79,"failureMessages":[]},{"ancestorTitles":["","Rule Execution Routes","POST /:workspaceId/evaluate"],"fullName":" Rule Execution Routes POST /:workspaceId/evaluate should return 400 for missing expenseData","status":"passed","title":"should return 400 for missing expenseData","duration":60,"failureMessages":[]},{"ancestorTitles":["","Rule Execution Routes","POST /:workspaceId/evaluate"],"fullName":" Rule Execution Routes POST /:workspaceId/evaluate should return 400 for missing amount in expenseData","status":"passed","title":"should return 400 for missing amount in expenseData","duration":41,"failureMessages":[]},{"ancestorTitles":["","Rule Execution Routes","POST /:workspaceId/evaluate"],"fullName":" Rule Execution Routes POST /:workspaceId/evaluate should return 400 for negative amount","status":"passed","title":"should return 400 for negative amount","duration":43,"failureMessages":[]},{"ancestorTitles":["","Rule Execution Routes","POST /:workspaceId/evaluate"],"fullName":" Rule Execution Routes POST /:workspaceId/evaluate should return 400 for invalid expenseId format","status":"passed","title":"should return 400 for invalid expenseId format","duration":42,"failureMessages":[]},{"ancestorTitles":["","Rule Execution Routes","POST /:workspaceId/evaluate"],"fullName":" Rule Execution Routes POST /:workspaceId/evaluate should handle no matching rules gracefully","status":"passed","title":"should handle no matching rules gracefully","duration":41,"failureMessages":[]},{"ancestorTitles":["","Rule Execution Routes","GET /:workspaceId/executions/expense/:expenseId"],"fullName":" Rule Execution Routes GET /:workspaceId/executions/expense/:expenseId should get executions for expense","status":"passed","title":"should get executions for expense","duration":39,"failureMessages":[]},{"ancestorTitles":["","Rule Execution Routes","GET /:workspaceId/executions/expense/:expenseId"],"fullName":" Rule Execution Routes GET /:workspaceId/executions/expense/:expenseId should return empty array when no executions for expense","status":"passed","title":"should return empty array when no executions for expense","duration":39,"failureMessages":[]},{"ancestorTitles":["","Rule Execution Routes","GET /:workspaceId/executions/expense/:expenseId"],"fullName":" Rule Execution Routes GET /:workspaceId/executions/expense/:expenseId should return 400 for invalid expenseId format","status":"passed","title":"should return 400 for invalid expenseId format","duration":36,"failureMessages":[]},{"ancestorTitles":["","Rule Execution Routes","GET /:workspaceId/executions"],"fullName":" Rule Execution Routes GET /:workspaceId/executions should get executions for workspace","status":"passed","title":"should get executions for workspace","duration":23,"failureMessages":[]},{"ancestorTitles":["","Rule Execution Routes","GET /:workspaceId/executions"],"fullName":" Rule Execution Routes GET /:workspaceId/executions should support limit query parameter","status":"passed","title":"should support limit query parameter","duration":28,"failureMessages":[]},{"ancestorTitles":["","Rule Execution Routes","GET /:workspaceId/executions"],"fullName":" Rule Execution Routes GET /:workspaceId/executions should return 400 for invalid workspaceId","status":"passed","title":"should return 400 for invalid workspaceId","duration":30,"failureMessages":[]},{"ancestorTitles":["","Categorization Rules Security"],"fullName":" Categorization Rules Security should use authenticated user for rule creation","status":"passed","title":"should use authenticated user for rule creation","duration":40,"failureMessages":[]},{"ancestorTitles":["","Categorization Rules Security"],"fullName":" Categorization Rules Security should reject unauthorized rule updates","status":"passed","title":"should reject unauthorized rule updates","duration":39,"failureMessages":[]},{"ancestorTitles":["","Categorization Rules Security"],"fullName":" Categorization Rules Security should reject unauthorized rule deletion","status":"passed","title":"should reject unauthorized rule deletion","duration":53,"failureMessages":[]},{"ancestorTitles":["","Categorization Rules Edge Cases"],"fullName":" Categorization Rules Edge Cases should handle unicode characters in rule name","status":"passed","title":"should handle unicode characters in rule name","duration":70,"failureMessages":[]},{"ancestorTitles":["","Categorization Rules Edge Cases"],"fullName":" Categorization Rules Edge Cases should handle special characters in condition value","status":"passed","title":"should handle special characters in condition value","duration":45,"failureMessages":[]},{"ancestorTitles":["","Categorization Rules Edge Cases"],"fullName":" Categorization Rules Edge Cases should handle boundary confidence values (0)","status":"passed","title":"should handle boundary confidence values (0)","duration":48,"failureMessages":[]},{"ancestorTitles":["","Categorization Rules Edge Cases"],"fullName":" Categorization Rules Edge Cases should handle boundary confidence values (1)","status":"passed","title":"should handle boundary confidence values (1)","duration":38,"failureMessages":[]},{"ancestorTitles":["","Categorization Rules Edge Cases"],"fullName":" Categorization Rules Edge Cases should handle very large amount values in evaluation","status":"passed","title":"should handle very large amount values in evaluation","duration":42,"failureMessages":[]},{"ancestorTitles":["","Categorization Rules Edge Cases"],"fullName":" Categorization Rules Edge Cases should handle concurrent requests gracefully","status":"passed","title":"should handle concurrent requests gracefully","duration":24,"failureMessages":[]},{"ancestorTitles":["","Categorization Rules Edge Cases"],"fullName":" Categorization Rules Edge Cases should handle all condition types","status":"passed","title":"should handle all condition types","duration":26,"failureMessages":[]}],"startTime":1775630478895,"endTime":1775630482473,"status":"passed","message":"","name":"C:/Users/ASUS/Desktop/Modett/Expense Tracker Application/Expense Tracker/modules/categorization-rules/tests/categorization-rules.routes.test.ts"},{"assertionResults":[{"ancestorTitles":["","CategoryRuleService Authorization","createRule"],"fullName":" CategoryRuleService Authorization createRule should allow creation if user is admin or owner","status":"passed","title":"should allow creation if user is admin or owner","duration":4,"failureMessages":[]},{"ancestorTitles":["","CategoryRuleService Authorization","createRule"],"fullName":" CategoryRuleService Authorization createRule should throw UnauthorizedRuleAccessError if user is NOT admin or owner","status":"passed","title":"should throw UnauthorizedRuleAccessError if user is NOT admin or owner","duration":1,"failureMessages":[]},{"ancestorTitles":["","CategoryRuleService Authorization","deleteRule"],"fullName":" CategoryRuleService Authorization deleteRule should allow creator to delete rule","status":"passed","title":"should allow creator to delete rule","duration":1,"failureMessages":[]},{"ancestorTitles":["","CategoryRuleService Authorization","deleteRule"],"fullName":" CategoryRuleService Authorization deleteRule should allow admin/owner to delete rule created by others","status":"passed","title":"should allow admin/owner to delete rule created by others","duration":0,"failureMessages":[]},{"ancestorTitles":["","CategoryRuleService Authorization","deleteRule"],"fullName":" CategoryRuleService Authorization deleteRule should throw Unauthorized if neither creator nor admin","status":"passed","title":"should throw Unauthorized if neither creator nor admin","duration":1,"failureMessages":[]}],"startTime":1775630479257,"endTime":1775630479264,"status":"passed","message":"","name":"C:/Users/ASUS/Desktop/Modett/Expense Tracker Application/Expense Tracker/modules/categorization-rules/tests/category-rule.service.test.ts"},{"assertionResults":[{"ancestorTitles":["","RuleCondition","Validation"],"fullName":" RuleCondition Validation should throw InvalidRuleConditionError for empty value","status":"passed","title":"should throw InvalidRuleConditionError for empty value","duration":4,"failureMessages":[]},{"ancestorTitles":["","RuleCondition","Validation"],"fullName":" RuleCondition Validation should throw InvalidRuleConditionError for negative amount","status":"passed","title":"should throw InvalidRuleConditionError for negative amount","duration":1,"failureMessages":[]},{"ancestorTitles":["","RuleCondition","Validation"],"fullName":" RuleCondition Validation should throw InvalidRuleConditionError for invalid number","status":"passed","title":"should throw InvalidRuleConditionError for invalid number","duration":0,"failureMessages":[]},{"ancestorTitles":["","RuleCondition","Matching Logic"],"fullName":" RuleCondition Matching Logic should match merchant contains (case insensitive)","status":"passed","title":"should match merchant contains (case insensitive)","duration":0,"failureMessages":[]},{"ancestorTitles":["","RuleCondition","Matching Logic"],"fullName":" RuleCondition Matching Logic should match merchant equals (case insensitive)","status":"passed","title":"should match merchant equals (case insensitive)","duration":0,"failureMessages":[]},{"ancestorTitles":["","RuleCondition","Matching Logic"],"fullName":" RuleCondition Matching Logic should match description contains","status":"passed","title":"should match description contains","duration":0,"failureMessages":[]},{"ancestorTitles":["","RuleCondition","Matching Logic"],"fullName":" RuleCondition Matching Logic should match amount greater than","status":"passed","title":"should match amount greater than","duration":1,"failureMessages":[]},{"ancestorTitles":["","RuleCondition","Matching Logic"],"fullName":" RuleCondition Matching Logic should match amount less than","status":"passed","title":"should match amount less than","duration":0,"failureMessages":[]},{"ancestorTitles":["","RuleCondition","Matching Logic"],"fullName":" RuleCondition Matching Logic should match amount equals","status":"passed","title":"should match amount equals","duration":0,"failureMessages":[]},{"ancestorTitles":["","RuleCondition","Matching Logic"],"fullName":" RuleCondition Matching Logic should match payment method equals","status":"passed","title":"should match payment method equals","duration":0,"failureMessages":[]}],"startTime":1775630477985,"endTime":1775630477993,"status":"passed","message":"","name":"C:/Users/ASUS/Desktop/Modett/Expense Tracker Application/Expense Tracker/modules/categorization-rules/tests/rule-condition.unit.test.ts"}]}