{"numTotalTestSuites":34,"numPassedTestSuites":34,"numFailedTestSuites":0,"numPendingTestSuites":0,"numTotalTests":57,"numPassedTests":57,"numFailedTests":0,"numPendingTests":0,"numTodoTests":0,"startTime":1775630609216,"success":true,"testResults":[{"assertionResults":[{"ancestorTitles":["","AllocationManagementService","createDepartment"],"fullName":" AllocationManagementService createDepartment should create department successfully if authorized","status":"passed","title":"should create department successfully if authorized","duration":7,"failureMessages":[]},{"ancestorTitles":["","AllocationManagementService","createDepartment"],"fullName":" AllocationManagementService createDepartment should throw UnauthorizedAllocationAccessError if not admin/owner","status":"passed","title":"should throw UnauthorizedAllocationAccessError if not admin/owner","duration":1,"failureMessages":[]},{"ancestorTitles":["","AllocationManagementService","createDepartment"],"fullName":" AllocationManagementService createDepartment should throw DuplicateDepartmentCodeError if code exists","status":"passed","title":"should throw DuplicateDepartmentCodeError if code exists","duration":1,"failureMessages":[]}],"startTime":1775630611185,"endTime":1775630611195,"status":"passed","message":"","name":"C:/Users/ASUS/Desktop/Modett/Expense Tracker Application/Expense Tracker/modules/cost-allocation/tests/allocation-management.service.test.ts"},{"assertionResults":[{"ancestorTitles":["","Cost Allocation Module - Endpoint Tests","Department Endpoints","POST /api/v1/:workspaceId/departments"],"fullName":" Cost Allocation Module - Endpoint Tests Department Endpoints POST /api/v1/:workspaceId/departments ✅ should create a department","status":"passed","title":"✅ should create a department","duration":74,"failureMessages":[]},{"ancestorTitles":["","Cost Allocation Module - Endpoint Tests","Department Endpoints","POST /api/v1/:workspaceId/departments"],"fullName":" Cost Allocation Module - Endpoint Tests Department Endpoints POST /api/v1/:workspaceId/departments ❌ should fail without auth token","status":"passed","title":"❌ should fail without auth token","duration":14,"failureMessages":[]},{"ancestorTitles":["","Cost Allocation Module - Endpoint Tests","Department Endpoints","POST /api/v1/:workspaceId/departments"],"fullName":" Cost Allocation Module - Endpoint Tests Department Endpoints POST /api/v1/:workspaceId/departments ❌ should fail with missing required fields","status":"passed","title":"❌ should fail with missing required fields","duration":11,"failureMessages":[]},{"ancestorTitles":["","Cost Allocation Module - Endpoint Tests","Department Endpoints","GET /api/v1/:workspaceId/departments"],"fullName":" Cost Allocation Module - Endpoint Tests Department Endpoints GET /api/v1/:workspaceId/departments ✅ should list departments","status":"passed","title":"✅ should list departments","duration":104,"failureMessages":[]},{"ancestorTitles":["","Cost Allocation Module - Endpoint Tests","Department Endpoints","GET /api/v1/:workspaceId/departments"],"fullName":" Cost Allocation Module - Endpoint Tests Department Endpoints GET /api/v1/:workspaceId/departments ❌ should fail without auth token","status":"passed","title":"❌ should fail without auth token","duration":2,"failureMessages":[]},{"ancestorTitles":["","Cost Allocation Module - Endpoint Tests","Department Endpoints","GET /api/v1/:workspaceId/departments/:departmentId"],"fullName":" Cost Allocation Module - Endpoint Tests Department Endpoints GET /api/v1/:workspaceId/departments/:departmentId ✅ should get department by ID","status":"passed","title":"✅ should get department by ID","duration":16,"failureMessages":[]},{"ancestorTitles":["","Cost Allocation Module - Endpoint Tests","Department Endpoints","GET /api/v1/:workspaceId/departments/:departmentId"],"fullName":" Cost Allocation Module - Endpoint Tests Department Endpoints GET /api/v1/:workspaceId/departments/:departmentId ❌ should fail without auth token","status":"passed","title":"❌ should fail without auth token","duration":3,"failureMessages":[]},{"ancestorTitles":["","Cost Allocation Module - Endpoint Tests","Department Endpoints","PUT /api/v1/:workspaceId/departments/:departmentId"],"fullName":" Cost Allocation Module - Endpoint Tests Department Endpoints PUT /api/v1/:workspaceId/departments/:departmentId ✅ should update department","status":"passed","title":"✅ should update department","duration":13,"failureMessages":[]},{"ancestorTitles":["","Cost Allocation Module - Endpoint Tests","Department Endpoints","PUT /api/v1/:workspaceId/departments/:departmentId"],"fullName":" Cost Allocation Module - Endpoint Tests Department Endpoints PUT /api/v1/:workspaceId/departments/:departmentId ❌ should fail without auth token","status":"passed","title":"❌ should fail without auth token","duration":2,"failureMessages":[]},{"ancestorTitles":["","Cost Allocation Module - Endpoint Tests","Department Endpoints","PATCH /api/v1/:workspaceId/departments/:departmentId/activate"],"fullName":" Cost Allocation Module - Endpoint Tests Department Endpoints PATCH /api/v1/:workspaceId/departments/:departmentId/activate ✅ should activate department","status":"passed","title":"✅ should activate department","duration":10,"failureMessages":[]},{"ancestorTitles":["","Cost Allocation Module - Endpoint Tests","Department Endpoints","PATCH /api/v1/:workspaceId/departments/:departmentId/activate"],"fullName":" Cost Allocation Module - Endpoint Tests Department Endpoints PATCH /api/v1/:workspaceId/departments/:departmentId/activate ❌ should fail without auth token","status":"passed","title":"❌ should fail without auth token","duration":1,"failureMessages":[]},{"ancestorTitles":["","Cost Allocation Module - Endpoint Tests","Department Endpoints","DELETE /api/v1/:workspaceId/departments/:departmentId"],"fullName":" Cost Allocation Module - Endpoint Tests Department Endpoints DELETE /api/v1/:workspaceId/departments/:departmentId ✅ should delete department","status":"passed","title":"✅ should delete department","duration":20,"failureMessages":[]},{"ancestorTitles":["","Cost Allocation Module - Endpoint Tests","Department Endpoints","DELETE /api/v1/:workspaceId/departments/:departmentId"],"fullName":" Cost Allocation Module - Endpoint Tests Department Endpoints DELETE /api/v1/:workspaceId/departments/:departmentId ❌ should fail without auth token","status":"passed","title":"❌ should fail without auth token","duration":2,"failureMessages":[]},{"ancestorTitles":["","Cost Allocation Module - Endpoint Tests","Cost Center Endpoints","POST /api/v1/:workspaceId/cost-centers"],"fullName":" Cost Allocation Module - Endpoint Tests Cost Center Endpoints POST /api/v1/:workspaceId/cost-centers ✅ should create a cost center","status":"passed","title":"✅ should create a cost center","duration":38,"failureMessages":[]},{"ancestorTitles":["","Cost Allocation Module - Endpoint Tests","Cost Center Endpoints","POST /api/v1/:workspaceId/cost-centers"],"fullName":" Cost Allocation Module - Endpoint Tests Cost Center Endpoints POST /api/v1/:workspaceId/cost-centers ❌ should fail without auth token","status":"passed","title":"❌ should fail without auth token","duration":3,"failureMessages":[]},{"ancestorTitles":["","Cost Allocation Module - Endpoint Tests","Cost Center Endpoints","POST /api/v1/:workspaceId/cost-centers"],"fullName":" Cost Allocation Module - Endpoint Tests Cost Center Endpoints POST /api/v1/:workspaceId/cost-centers ❌ should fail with missing required fields","status":"passed","title":"❌ should fail with missing required fields","duration":5,"failureMessages":[]},{"ancestorTitles":["","Cost Allocation Module - Endpoint Tests","Cost Center Endpoints","GET /api/v1/:workspaceId/cost-centers"],"fullName":" Cost Allocation Module - Endpoint Tests Cost Center Endpoints GET /api/v1/:workspaceId/cost-centers ✅ should list cost centers","status":"passed","title":"✅ should list cost centers","duration":20,"failureMessages":[]},{"ancestorTitles":["","Cost Allocation Module - Endpoint Tests","Cost Center Endpoints","GET /api/v1/:workspaceId/cost-centers"],"fullName":" Cost Allocation Module - Endpoint Tests Cost Center Endpoints GET /api/v1/:workspaceId/cost-centers ❌ should fail without auth token","status":"passed","title":"❌ should fail without auth token","duration":34,"failureMessages":[]},{"ancestorTitles":["","Cost Allocation Module - Endpoint Tests","Cost Center Endpoints","GET /api/v1/:workspaceId/cost-centers/:costCenterId"],"fullName":" Cost Allocation Module - Endpoint Tests Cost Center Endpoints GET /api/v1/:workspaceId/cost-centers/:costCenterId ✅ should get cost center by ID","status":"passed","title":"✅ should get cost center by ID","duration":26,"failureMessages":[]},{"ancestorTitles":["","Cost Allocation Module - Endpoint Tests","Cost Center Endpoints","GET /api/v1/:workspaceId/cost-centers/:costCenterId"],"fullName":" Cost Allocation Module - Endpoint Tests Cost Center Endpoints GET /api/v1/:workspaceId/cost-centers/:costCenterId ❌ should fail without auth token","status":"passed","title":"❌ should fail without auth token","duration":5,"failureMessages":[]},{"ancestorTitles":["","Cost Allocation Module - Endpoint Tests","Cost Center Endpoints","PUT /api/v1/:workspaceId/cost-centers/:costCenterId"],"fullName":" Cost Allocation Module - Endpoint Tests Cost Center Endpoints PUT /api/v1/:workspaceId/cost-centers/:costCenterId ✅ should update cost center","status":"passed","title":"✅ should update cost center","duration":11,"failureMessages":[]},{"ancestorTitles":["","Cost Allocation Module - Endpoint Tests","Cost Center Endpoints","PUT /api/v1/:workspaceId/cost-centers/:costCenterId"],"fullName":" Cost Allocation Module - Endpoint Tests Cost Center Endpoints PUT /api/v1/:workspaceId/cost-centers/:costCenterId ❌ should fail without auth token","status":"passed","title":"❌ should fail without auth token","duration":4,"failureMessages":[]},{"ancestorTitles":["","Cost Allocation Module - Endpoint Tests","Cost Center Endpoints","PATCH /api/v1/:workspaceId/cost-centers/:costCenterId/activate"],"fullName":" Cost Allocation Module - Endpoint Tests Cost Center Endpoints PATCH /api/v1/:workspaceId/cost-centers/:costCenterId/activate ✅ should activate cost center","status":"passed","title":"✅ should activate cost center","duration":13,"failureMessages":[]},{"ancestorTitles":["","Cost Allocation Module - Endpoint Tests","Cost Center Endpoints","PATCH /api/v1/:workspaceId/cost-centers/:costCenterId/activate"],"fullName":" Cost Allocation Module - Endpoint Tests Cost Center Endpoints PATCH /api/v1/:workspaceId/cost-centers/:costCenterId/activate ❌ should fail without auth token","status":"passed","title":"❌ should fail without auth token","duration":2,"failureMessages":[]},{"ancestorTitles":["","Cost Allocation Module - Endpoint Tests","Cost Center Endpoints","DELETE /api/v1/:workspaceId/cost-centers/:costCenterId"],"fullName":" Cost Allocation Module - Endpoint Tests Cost Center Endpoints DELETE /api/v1/:workspaceId/cost-centers/:costCenterId ✅ should delete cost center","status":"passed","title":"✅ should delete cost center","duration":15,"failureMessages":[]},{"ancestorTitles":["","Cost Allocation Module - Endpoint Tests","Cost Center Endpoints","DELETE /api/v1/:workspaceId/cost-centers/:costCenterId"],"fullName":" Cost Allocation Module - Endpoint Tests Cost Center Endpoints DELETE /api/v1/:workspaceId/cost-centers/:costCenterId ❌ should fail without auth token","status":"passed","title":"❌ should fail without auth token","duration":1,"failureMessages":[]},{"ancestorTitles":["","Cost Allocation Module - Endpoint Tests","Project Endpoints","POST /api/v1/:workspaceId/projects"],"fullName":" Cost Allocation Module - Endpoint Tests Project Endpoints POST /api/v1/:workspaceId/projects ✅ should create a project","status":"passed","title":"✅ should create a project","duration":29,"failureMessages":[]},{"ancestorTitles":["","Cost Allocation Module - Endpoint Tests","Project Endpoints","POST /api/v1/:workspaceId/projects"],"fullName":" Cost Allocation Module - Endpoint Tests Project Endpoints POST /api/v1/:workspaceId/projects ❌ should fail without auth token","status":"passed","title":"❌ should fail without auth token","duration":1,"failureMessages":[]},{"ancestorTitles":["","Cost Allocation Module - Endpoint Tests","Project Endpoints","POST /api/v1/:workspaceId/projects"],"fullName":" Cost Allocation Module - Endpoint Tests Project Endpoints POST /api/v1/:workspaceId/projects ❌ should fail with missing required fields","status":"passed","title":"❌ should fail with missing required fields","duration":2,"failureMessages":[]},{"ancestorTitles":["","Cost Allocation Module - Endpoint Tests","Project Endpoints","GET /api/v1/:workspaceId/projects"],"fullName":" Cost Allocation Module - Endpoint Tests Project Endpoints GET /api/v1/:workspaceId/projects ✅ should list projects","status":"passed","title":"✅ should list projects","duration":12,"failureMessages":[]},{"ancestorTitles":["","Cost Allocation Module - Endpoint Tests","Project Endpoints","GET /api/v1/:workspaceId/projects"],"fullName":" Cost Allocation Module - Endpoint Tests Project Endpoints GET /api/v1/:workspaceId/projects ❌ should fail without auth token","status":"passed","title":"❌ should fail without auth token","duration":2,"failureMessages":[]},{"ancestorTitles":["","Cost Allocation Module - Endpoint Tests","Project Endpoints","GET /api/v1/:workspaceId/projects/:projectId"],"fullName":" Cost Allocation Module - Endpoint Tests Project Endpoints GET /api/v1/:workspaceId/projects/:projectId ✅ should get project by ID","status":"passed","title":"✅ should get project by ID","duration":10,"failureMessages":[]},{"ancestorTitles":["","Cost Allocation Module - Endpoint Tests","Project Endpoints","GET /api/v1/:workspaceId/projects/:projectId"],"fullName":" Cost Allocation Module - Endpoint Tests Project Endpoints GET /api/v1/:workspaceId/projects/:projectId ❌ should fail without auth token","status":"passed","title":"❌ should fail without auth token","duration":3,"failureMessages":[]},{"ancestorTitles":["","Cost Allocation Module - Endpoint Tests","Project Endpoints","PUT /api/v1/:workspaceId/projects/:projectId"],"fullName":" Cost Allocation Module - Endpoint Tests Project Endpoints PUT /api/v1/:workspaceId/projects/:projectId ✅ should update project","status":"passed","title":"✅ should update project","duration":16,"failureMessages":[]},{"ancestorTitles":["","Cost Allocation Module - Endpoint Tests","Project Endpoints","PUT /api/v1/:workspaceId/projects/:projectId"],"fullName":" Cost Allocation Module - Endpoint Tests Project Endpoints PUT /api/v1/:workspaceId/projects/:projectId ❌ should fail without auth token","status":"passed","title":"❌ should fail without auth token","duration":1,"failureMessages":[]},{"ancestorTitles":["","Cost Allocation Module - Endpoint Tests","Project Endpoints","PATCH /api/v1/:workspaceId/projects/:projectId/activate"],"fullName":" Cost Allocation Module - Endpoint Tests Project Endpoints PATCH /api/v1/:workspaceId/projects/:projectId/activate ✅ should activate project","status":"passed","title":"✅ should activate project","duration":14,"failureMessages":[]},{"ancestorTitles":["","Cost Allocation Module - Endpoint Tests","Project Endpoints","PATCH /api/v1/:workspaceId/projects/:projectId/activate"],"fullName":" Cost Allocation Module - Endpoint Tests Project Endpoints PATCH /api/v1/:workspaceId/projects/:projectId/activate ❌ should fail without auth token","status":"passed","title":"❌ should fail without auth token","duration":2,"failureMessages":[]},{"ancestorTitles":["","Cost Allocation Module - Endpoint Tests","Project Endpoints","DELETE /api/v1/:workspaceId/projects/:projectId"],"fullName":" Cost Allocation Module - Endpoint Tests Project Endpoints DELETE /api/v1/:workspaceId/projects/:projectId ✅ should delete project","status":"passed","title":"✅ should delete project","duration":29,"failureMessages":[]},{"ancestorTitles":["","Cost Allocation Module - Endpoint Tests","Project Endpoints","DELETE /api/v1/:workspaceId/projects/:projectId"],"fullName":" Cost Allocation Module - Endpoint Tests Project Endpoints DELETE /api/v1/:workspaceId/projects/:projectId ❌ should fail without auth token","status":"passed","title":"❌ should fail without auth token","duration":2,"failureMessages":[]},{"ancestorTitles":["","Cost Allocation Module - Endpoint Tests","Expense Allocation Endpoints","POST /api/v1/:workspaceId/expenses/:expenseId/allocations"],"fullName":" Cost Allocation Module - Endpoint Tests Expense Allocation Endpoints POST /api/v1/:workspaceId/expenses/:expenseId/allocations ✅ should allocate expense","status":"passed","title":"✅ should allocate expense","duration":19,"failureMessages":[]},{"ancestorTitles":["","Cost Allocation Module - Endpoint Tests","Expense Allocation Endpoints","POST /api/v1/:workspaceId/expenses/:expenseId/allocations"],"fullName":" Cost Allocation Module - Endpoint Tests Expense Allocation Endpoints POST /api/v1/:workspaceId/expenses/:expenseId/allocations ❌ should fail without auth token","status":"passed","title":"❌ should fail without auth token","duration":1,"failureMessages":[]},{"ancestorTitles":["","Cost Allocation Module - Endpoint Tests","Expense Allocation Endpoints","POST /api/v1/:workspaceId/expenses/:expenseId/allocations"],"fullName":" Cost Allocation Module - Endpoint Tests Expense Allocation Endpoints POST /api/v1/:workspaceId/expenses/:expenseId/allocations ❌ should fail with empty allocations","status":"passed","title":"❌ should fail with empty allocations","duration":4,"failureMessages":[]},{"ancestorTitles":["","Cost Allocation Module - Endpoint Tests","Expense Allocation Endpoints","GET /api/v1/:workspaceId/expenses/:expenseId/allocations"],"fullName":" Cost Allocation Module - Endpoint Tests Expense Allocation Endpoints GET /api/v1/:workspaceId/expenses/:expenseId/allocations ✅ should get expense allocations","status":"passed","title":"✅ should get expense allocations","duration":14,"failureMessages":[]},{"ancestorTitles":["","Cost Allocation Module - Endpoint Tests","Expense Allocation Endpoints","GET /api/v1/:workspaceId/expenses/:expenseId/allocations"],"fullName":" Cost Allocation Module - Endpoint Tests Expense Allocation Endpoints GET /api/v1/:workspaceId/expenses/:expenseId/allocations ❌ should fail without auth token","status":"passed","title":"❌ should fail without auth token","duration":1,"failureMessages":[]},{"ancestorTitles":["","Cost Allocation Module - Endpoint Tests","Expense Allocation Endpoints","DELETE /api/v1/:workspaceId/expenses/:expenseId/allocations"],"fullName":" Cost Allocation Module - Endpoint Tests Expense Allocation Endpoints DELETE /api/v1/:workspaceId/expenses/:expenseId/allocations ✅ should delete expense allocations","status":"passed","title":"✅ should delete expense allocations","duration":7,"failureMessages":[]},{"ancestorTitles":["","Cost Allocation Module - Endpoint Tests","Expense Allocation Endpoints","DELETE /api/v1/:workspaceId/expenses/:expenseId/allocations"],"fullName":" Cost Allocation Module - Endpoint Tests Expense Allocation Endpoints DELETE /api/v1/:workspaceId/expenses/:expenseId/allocations ❌ should fail without auth token","status":"passed","title":"❌ should fail without auth token","duration":2,"failureMessages":[]},{"ancestorTitles":["","Cost Allocation Module - Endpoint Tests","Expense Allocation Endpoints","GET /api/v1/:workspaceId/allocations/summary"],"fullName":" Cost Allocation Module - Endpoint Tests Expense Allocation Endpoints GET /api/v1/:workspaceId/allocations/summary ✅ should get allocation summary","status":"passed","title":"✅ should get allocation summary","duration":72,"failureMessages":[]},{"ancestorTitles":["","Cost Allocation Module - Endpoint Tests","Expense Allocation Endpoints","GET /api/v1/:workspaceId/allocations/summary"],"fullName":" Cost Allocation Module - Endpoint Tests Expense Allocation Endpoints GET /api/v1/:workspaceId/allocations/summary ❌ should fail without auth token","status":"passed","title":"❌ should fail without auth token","duration":1,"failureMessages":[]},{"ancestorTitles":["","Cost Allocation Module - Endpoint Tests","📊 Endpoint Summary Report"],"fullName":" Cost Allocation Module - Endpoint Tests 📊 Endpoint Summary Report should print endpoint summary","status":"passed","title":"should print endpoint summary","duration":1,"failureMessages":[]}],"startTime":1775630633660,"endTime":1775630634357,"status":"passed","message":"","name":"C:/Users/ASUS/Desktop/Modett/Expense Tracker Application/Expense Tracker/modules/cost-allocation/tests/cost-allocation.endpoints.test.ts"},{"assertionResults":[{"ancestorTitles":["","ExpenseAllocation Entity"],"fullName":" ExpenseAllocation Entity should create a valid department allocation","status":"passed","title":"should create a valid department allocation","duration":6,"failureMessages":[]},{"ancestorTitles":["","ExpenseAllocation Entity"],"fullName":" ExpenseAllocation Entity should create a valid cost center allocation","status":"passed","title":"should create a valid cost center allocation","duration":1,"failureMessages":[]},{"ancestorTitles":["","ExpenseAllocation Entity"],"fullName":" ExpenseAllocation Entity should create a valid project allocation","status":"passed","title":"should create a valid project allocation","duration":1,"failureMessages":[]},{"ancestorTitles":["","ExpenseAllocation Entity"],"fullName":" ExpenseAllocation Entity should throw error if multiple targets provided","status":"passed","title":"should throw error if multiple targets provided","duration":1,"failureMessages":[]},{"ancestorTitles":["","ExpenseAllocation Entity"],"fullName":" ExpenseAllocation Entity should throw error if no targets provided","status":"passed","title":"should throw error if no targets provided","duration":1,"failureMessages":[]}],"startTime":1775630610917,"endTime":1775630610927,"status":"passed","message":"","name":"C:/Users/ASUS/Desktop/Modett/Expense Tracker Application/Expense Tracker/modules/cost-allocation/tests/expense-allocation.entity.test.ts"}]}