{"numTotalTestSuites":31,"numPassedTestSuites":31,"numFailedTestSuites":0,"numPendingTestSuites":0,"numTotalTests":56,"numPassedTests":56,"numFailedTests":0,"numPendingTests":0,"numTodoTests":0,"startTime":1775596716005,"success":true,"testResults":[{"assertionResults":[{"ancestorTitles":["","BudgetPlan Entity"],"fullName":" BudgetPlan Entity should create a valid BudgetPlan","status":"passed","title":"should create a valid BudgetPlan","duration":2,"failureMessages":[]},{"ancestorTitles":["","BudgetPlan Entity"],"fullName":" BudgetPlan Entity should update details","status":"passed","title":"should update details","duration":1,"failureMessages":[]},{"ancestorTitles":["","BudgetPlan Entity"],"fullName":" BudgetPlan Entity should update status","status":"passed","title":"should update status","duration":0,"failureMessages":[]},{"ancestorTitles":["","PlanPeriod Value Object"],"fullName":" PlanPeriod Value Object should throw error if end date is before start date","status":"passed","title":"should throw error if end date is before start date","duration":0,"failureMessages":[]},{"ancestorTitles":["","PlanPeriod Value Object"],"fullName":" PlanPeriod Value Object should throw error if end date is same as start date","status":"passed","title":"should throw error if end date is same as start date","duration":0,"failureMessages":[]},{"ancestorTitles":["","PlanPeriod Value Object"],"fullName":" PlanPeriod Value Object should correctly check containment","status":"passed","title":"should correctly check containment","duration":0,"failureMessages":[]},{"ancestorTitles":["","PlanPeriod Value Object"],"fullName":" PlanPeriod Value Object should correctly calculate duration in days","status":"passed","title":"should correctly calculate duration in days","duration":0,"failureMessages":[]}],"startTime":1775596717341,"endTime":1775596717345,"status":"passed","message":"","name":"C:/Users/ASUS/Desktop/Modett/Expense Tracker Application/Expense Tracker/modules/budget-planning/tests/budget-plan.entity.test.ts"},{"assertionResults":[{"ancestorTitles":["","Budget Planning Module - Endpoint Tests","Budget Plan Endpoints","POST /api/v1/:workspaceId/budget-plans"],"fullName":" Budget Planning Module - Endpoint Tests Budget Plan Endpoints POST /api/v1/:workspaceId/budget-plans ✅ should create a budget plan","status":"passed","title":"✅ should create a budget plan","duration":18,"failureMessages":[]},{"ancestorTitles":["","Budget Planning Module - Endpoint Tests","Budget Plan Endpoints","POST /api/v1/:workspaceId/budget-plans"],"fullName":" Budget Planning Module - Endpoint Tests Budget Plan Endpoints POST /api/v1/:workspaceId/budget-plans ❌ should fail without auth token","status":"passed","title":"❌ should fail without auth token","duration":7,"failureMessages":[]},{"ancestorTitles":["","Budget Planning Module - Endpoint Tests","Budget Plan Endpoints","POST /api/v1/:workspaceId/budget-plans"],"fullName":" Budget Planning Module - Endpoint Tests Budget Plan Endpoints POST /api/v1/:workspaceId/budget-plans ❌ should fail with missing required fields","status":"passed","title":"❌ should fail with missing required fields","duration":3,"failureMessages":[]},{"ancestorTitles":["","Budget Planning Module - Endpoint Tests","Budget Plan Endpoints","GET /api/v1/:workspaceId/budget-plans"],"fullName":" Budget Planning Module - Endpoint Tests Budget Plan Endpoints GET /api/v1/:workspaceId/budget-plans ✅ should list budget plans","status":"passed","title":"✅ should list budget plans","duration":46,"failureMessages":[]},{"ancestorTitles":["","Budget Planning Module - Endpoint Tests","Budget Plan Endpoints","GET /api/v1/:workspaceId/budget-plans"],"fullName":" Budget Planning Module - Endpoint Tests Budget Plan Endpoints GET /api/v1/:workspaceId/budget-plans ✅ should filter by status","status":"passed","title":"✅ should filter by status","duration":12,"failureMessages":[]},{"ancestorTitles":["","Budget Planning Module - Endpoint Tests","Budget Plan Endpoints","GET /api/v1/:workspaceId/budget-plans"],"fullName":" Budget Planning Module - Endpoint Tests Budget Plan Endpoints GET /api/v1/:workspaceId/budget-plans ❌ should fail without auth token","status":"passed","title":"❌ should fail without auth token","duration":3,"failureMessages":[]},{"ancestorTitles":["","Budget Planning Module - Endpoint Tests","Budget Plan Endpoints","GET /api/v1/:workspaceId/budget-plans/:id"],"fullName":" Budget Planning Module - Endpoint Tests Budget Plan Endpoints GET /api/v1/:workspaceId/budget-plans/:id ✅ should get budget plan by ID","status":"passed","title":"✅ should get budget plan by ID","duration":6,"failureMessages":[]},{"ancestorTitles":["","Budget Planning Module - Endpoint Tests","Budget Plan Endpoints","GET /api/v1/:workspaceId/budget-plans/:id"],"fullName":" Budget Planning Module - Endpoint Tests Budget Plan Endpoints GET /api/v1/:workspaceId/budget-plans/:id ❌ should fail without auth token","status":"passed","title":"❌ should fail without auth token","duration":2,"failureMessages":[]},{"ancestorTitles":["","Budget Planning Module - Endpoint Tests","Budget Plan Endpoints","PATCH /api/v1/:workspaceId/budget-plans/:id"],"fullName":" Budget Planning Module - Endpoint Tests Budget Plan Endpoints PATCH /api/v1/:workspaceId/budget-plans/:id ✅ should update budget plan","status":"passed","title":"✅ should update budget plan","duration":20,"failureMessages":[]},{"ancestorTitles":["","Budget Planning Module - Endpoint Tests","Budget Plan Endpoints","PATCH /api/v1/:workspaceId/budget-plans/:id"],"fullName":" Budget Planning Module - Endpoint Tests Budget Plan Endpoints PATCH /api/v1/:workspaceId/budget-plans/:id ❌ should fail without auth token","status":"passed","title":"❌ should fail without auth token","duration":2,"failureMessages":[]},{"ancestorTitles":["","Budget Planning Module - Endpoint Tests","Budget Plan Endpoints","PATCH /api/v1/:workspaceId/budget-plans/:id/activate"],"fullName":" Budget Planning Module - Endpoint Tests Budget Plan Endpoints PATCH /api/v1/:workspaceId/budget-plans/:id/activate ✅ should activate budget plan","status":"passed","title":"✅ should activate budget plan","duration":11,"failureMessages":[]},{"ancestorTitles":["","Budget Planning Module - Endpoint Tests","Budget Plan Endpoints","PATCH /api/v1/:workspaceId/budget-plans/:id/activate"],"fullName":" Budget Planning Module - Endpoint Tests Budget Plan Endpoints PATCH /api/v1/:workspaceId/budget-plans/:id/activate ❌ should fail without auth token","status":"passed","title":"❌ should fail without auth token","duration":1,"failureMessages":[]},{"ancestorTitles":["","Budget Planning Module - Endpoint Tests","Budget Plan Endpoints","DELETE /api/v1/:workspaceId/budget-plans/:id"],"fullName":" Budget Planning Module - Endpoint Tests Budget Plan Endpoints DELETE /api/v1/:workspaceId/budget-plans/:id ✅ should delete budget plan","status":"passed","title":"✅ should delete budget plan","duration":26,"failureMessages":[]},{"ancestorTitles":["","Budget Planning Module - Endpoint Tests","Budget Plan Endpoints","DELETE /api/v1/:workspaceId/budget-plans/:id"],"fullName":" Budget Planning Module - Endpoint Tests Budget Plan Endpoints DELETE /api/v1/:workspaceId/budget-plans/:id ❌ should fail without auth token","status":"passed","title":"❌ should fail without auth token","duration":2,"failureMessages":[]},{"ancestorTitles":["","Budget Planning Module - Endpoint Tests","Forecast Endpoints","POST /api/v1/:workspaceId/budget-plans/:planId/forecasts"],"fullName":" Budget Planning Module - Endpoint Tests Forecast Endpoints POST /api/v1/:workspaceId/budget-plans/:planId/forecasts ✅ should create a forecast","status":"passed","title":"✅ should create a forecast","duration":17,"failureMessages":[]},{"ancestorTitles":["","Budget Planning Module - Endpoint Tests","Forecast Endpoints","POST /api/v1/:workspaceId/budget-plans/:planId/forecasts"],"fullName":" Budget Planning Module - Endpoint Tests Forecast Endpoints POST /api/v1/:workspaceId/budget-plans/:planId/forecasts ❌ should fail without auth token","status":"passed","title":"❌ should fail without auth token","duration":2,"failureMessages":[]},{"ancestorTitles":["","Budget Planning Module - Endpoint Tests","Forecast Endpoints","POST /api/v1/:workspaceId/budget-plans/:planId/forecasts"],"fullName":" Budget Planning Module - Endpoint Tests Forecast Endpoints POST /api/v1/:workspaceId/budget-plans/:planId/forecasts ❌ should fail with missing required fields","status":"passed","title":"❌ should fail with missing required fields","duration":3,"failureMessages":[]},{"ancestorTitles":["","Budget Planning Module - Endpoint Tests","Forecast Endpoints","GET /api/v1/:workspaceId/budget-plans/:planId/forecasts"],"fullName":" Budget Planning Module - Endpoint Tests Forecast Endpoints GET /api/v1/:workspaceId/budget-plans/:planId/forecasts ✅ should list forecasts for a plan","status":"passed","title":"✅ should list forecasts for a plan","duration":12,"failureMessages":[]},{"ancestorTitles":["","Budget Planning Module - Endpoint Tests","Forecast Endpoints","GET /api/v1/:workspaceId/budget-plans/:planId/forecasts"],"fullName":" Budget Planning Module - Endpoint Tests Forecast Endpoints GET /api/v1/:workspaceId/budget-plans/:planId/forecasts ❌ should fail without auth token","status":"passed","title":"❌ should fail without auth token","duration":1,"failureMessages":[]},{"ancestorTitles":["","Budget Planning Module - Endpoint Tests","Forecast Endpoints","GET /api/v1/:workspaceId/forecasts/:id"],"fullName":" Budget Planning Module - Endpoint Tests Forecast Endpoints GET /api/v1/:workspaceId/forecasts/:id ✅ should get forecast by ID","status":"passed","title":"✅ should get forecast by ID","duration":7,"failureMessages":[]},{"ancestorTitles":["","Budget Planning Module - Endpoint Tests","Forecast Endpoints","GET /api/v1/:workspaceId/forecasts/:id"],"fullName":" Budget Planning Module - Endpoint Tests Forecast Endpoints GET /api/v1/:workspaceId/forecasts/:id ❌ should fail without auth token","status":"passed","title":"❌ should fail without auth token","duration":2,"failureMessages":[]},{"ancestorTitles":["","Budget Planning Module - Endpoint Tests","Forecast Endpoints","DELETE /api/v1/:workspaceId/forecasts/:id"],"fullName":" Budget Planning Module - Endpoint Tests Forecast Endpoints DELETE /api/v1/:workspaceId/forecasts/:id ✅ should delete forecast","status":"passed","title":"✅ should delete forecast","duration":88,"failureMessages":[]},{"ancestorTitles":["","Budget Planning Module - Endpoint Tests","Forecast Endpoints","DELETE /api/v1/:workspaceId/forecasts/:id"],"fullName":" Budget Planning Module - Endpoint Tests Forecast Endpoints DELETE /api/v1/:workspaceId/forecasts/:id ❌ should fail without auth token","status":"passed","title":"❌ should fail without auth token","duration":2,"failureMessages":[]},{"ancestorTitles":["","Budget Planning Module - Endpoint Tests","Forecast Item Endpoints","POST /api/v1/:workspaceId/forecasts/:forecastId/items"],"fullName":" Budget Planning Module - Endpoint Tests Forecast Item Endpoints POST /api/v1/:workspaceId/forecasts/:forecastId/items ✅ should add forecast item","status":"passed","title":"✅ should add forecast item","duration":7,"failureMessages":[]},{"ancestorTitles":["","Budget Planning Module - Endpoint Tests","Forecast Item Endpoints","POST /api/v1/:workspaceId/forecasts/:forecastId/items"],"fullName":" Budget Planning Module - Endpoint Tests Forecast Item Endpoints POST /api/v1/:workspaceId/forecasts/:forecastId/items ❌ should fail without auth token","status":"passed","title":"❌ should fail without auth token","duration":1,"failureMessages":[]},{"ancestorTitles":["","Budget Planning Module - Endpoint Tests","Forecast Item Endpoints","POST /api/v1/:workspaceId/forecasts/:forecastId/items"],"fullName":" Budget Planning Module - Endpoint Tests Forecast Item Endpoints POST /api/v1/:workspaceId/forecasts/:forecastId/items ❌ should fail with missing required fields","status":"passed","title":"❌ should fail with missing required fields","duration":2,"failureMessages":[]},{"ancestorTitles":["","Budget Planning Module - Endpoint Tests","Forecast Item Endpoints","GET /api/v1/:workspaceId/forecasts/:forecastId/items"],"fullName":" Budget Planning Module - Endpoint Tests Forecast Item Endpoints GET /api/v1/:workspaceId/forecasts/:forecastId/items ✅ should list forecast items","status":"passed","title":"✅ should list forecast items","duration":6,"failureMessages":[]},{"ancestorTitles":["","Budget Planning Module - Endpoint Tests","Forecast Item Endpoints","GET /api/v1/:workspaceId/forecasts/:forecastId/items"],"fullName":" Budget Planning Module - Endpoint Tests Forecast Item Endpoints GET /api/v1/:workspaceId/forecasts/:forecastId/items ❌ should fail without auth token","status":"passed","title":"❌ should fail without auth token","duration":1,"failureMessages":[]},{"ancestorTitles":["","Budget Planning Module - Endpoint Tests","Forecast Item Endpoints","DELETE /api/v1/:workspaceId/forecast-items/:itemId"],"fullName":" Budget Planning Module - Endpoint Tests Forecast Item Endpoints DELETE /api/v1/:workspaceId/forecast-items/:itemId ✅ should delete forecast item","status":"passed","title":"✅ should delete forecast item","duration":7,"failureMessages":[]},{"ancestorTitles":["","Budget Planning Module - Endpoint Tests","Forecast Item Endpoints","DELETE /api/v1/:workspaceId/forecast-items/:itemId"],"fullName":" Budget Planning Module - Endpoint Tests Forecast Item Endpoints DELETE /api/v1/:workspaceId/forecast-items/:itemId ❌ should fail without auth token","status":"passed","title":"❌ should fail without auth token","duration":1,"failureMessages":[]},{"ancestorTitles":["","Budget Planning Module - Endpoint Tests","Scenario Endpoints","POST /api/v1/:workspaceId/budget-plans/:planId/scenarios"],"fullName":" Budget Planning Module - Endpoint Tests Scenario Endpoints POST /api/v1/:workspaceId/budget-plans/:planId/scenarios ✅ should create a scenario","status":"passed","title":"✅ should create a scenario","duration":18,"failureMessages":[]},{"ancestorTitles":["","Budget Planning Module - Endpoint Tests","Scenario Endpoints","POST /api/v1/:workspaceId/budget-plans/:planId/scenarios"],"fullName":" Budget Planning Module - Endpoint Tests Scenario Endpoints POST /api/v1/:workspaceId/budget-plans/:planId/scenarios ❌ should fail without auth token","status":"passed","title":"❌ should fail without auth token","duration":2,"failureMessages":[]},{"ancestorTitles":["","Budget Planning Module - Endpoint Tests","Scenario Endpoints","POST /api/v1/:workspaceId/budget-plans/:planId/scenarios"],"fullName":" Budget Planning Module - Endpoint Tests Scenario Endpoints POST /api/v1/:workspaceId/budget-plans/:planId/scenarios ❌ should fail with missing required fields","status":"passed","title":"❌ should fail with missing required fields","duration":2,"failureMessages":[]},{"ancestorTitles":["","Budget Planning Module - Endpoint Tests","Scenario Endpoints","GET /api/v1/:workspaceId/budget-plans/:planId/scenarios"],"fullName":" Budget Planning Module - Endpoint Tests Scenario Endpoints GET /api/v1/:workspaceId/budget-plans/:planId/scenarios ✅ should list scenarios for a plan","status":"passed","title":"✅ should list scenarios for a plan","duration":7,"failureMessages":[]},{"ancestorTitles":["","Budget Planning Module - Endpoint Tests","Scenario Endpoints","GET /api/v1/:workspaceId/budget-plans/:planId/scenarios"],"fullName":" Budget Planning Module - Endpoint Tests Scenario Endpoints GET /api/v1/:workspaceId/budget-plans/:planId/scenarios ❌ should fail without auth token","status":"passed","title":"❌ should fail without auth token","duration":2,"failureMessages":[]},{"ancestorTitles":["","Budget Planning Module - Endpoint Tests","Scenario Endpoints","GET /api/v1/:workspaceId/scenarios/:id"],"fullName":" Budget Planning Module - Endpoint Tests Scenario Endpoints GET /api/v1/:workspaceId/scenarios/:id ✅ should get scenario by ID","status":"passed","title":"✅ should get scenario by ID","duration":7,"failureMessages":[]},{"ancestorTitles":["","Budget Planning Module - Endpoint Tests","Scenario Endpoints","GET /api/v1/:workspaceId/scenarios/:id"],"fullName":" Budget Planning Module - Endpoint Tests Scenario Endpoints GET /api/v1/:workspaceId/scenarios/:id ❌ should fail without auth token","status":"passed","title":"❌ should fail without auth token","duration":1,"failureMessages":[]},{"ancestorTitles":["","Budget Planning Module - Endpoint Tests","Scenario Endpoints","DELETE /api/v1/:workspaceId/scenarios/:id"],"fullName":" Budget Planning Module - Endpoint Tests Scenario Endpoints DELETE /api/v1/:workspaceId/scenarios/:id ✅ should delete scenario","status":"passed","title":"✅ should delete scenario","duration":40,"failureMessages":[]},{"ancestorTitles":["","Budget Planning Module - Endpoint Tests","Scenario Endpoints","DELETE /api/v1/:workspaceId/scenarios/:id"],"fullName":" Budget Planning Module - Endpoint Tests Scenario Endpoints DELETE /api/v1/:workspaceId/scenarios/:id ❌ should fail without auth token","status":"passed","title":"❌ should fail without auth token","duration":2,"failureMessages":[]},{"ancestorTitles":["","Budget Planning Module - Endpoint Tests","📊 Endpoint Summary Report"],"fullName":" Budget Planning Module - Endpoint Tests 📊 Endpoint Summary Report should print endpoint summary","status":"passed","title":"should print endpoint summary","duration":0,"failureMessages":[]}],"startTime":1775596731162,"endTime":1775596731565,"status":"passed","message":"","name":"C:/Users/ASUS/Desktop/Modett/Expense Tracker Application/Expense Tracker/modules/budget-planning/tests/budget-planning.endpoints.test.ts"},{"assertionResults":[{"ancestorTitles":["","ForecastAmount Logic"],"fullName":" ForecastAmount Logic should create a valid ForecastAmount","status":"passed","title":"should create a valid ForecastAmount","duration":4,"failureMessages":[]},{"ancestorTitles":["","ForecastAmount Logic"],"fullName":" ForecastAmount Logic should enforce validation limits","status":"passed","title":"should enforce validation limits","duration":2,"failureMessages":[]},{"ancestorTitles":["","ForecastAmount Logic"],"fullName":" ForecastAmount Logic should add amounts correctly","status":"passed","title":"should add amounts correctly","duration":1,"failureMessages":[]},{"ancestorTitles":["","ForecastAmount Logic"],"fullName":" ForecastAmount Logic should subtract amounts correctly","status":"passed","title":"should subtract amounts correctly","duration":0,"failureMessages":[]},{"ancestorTitles":["","ForecastAmount Logic"],"fullName":" ForecastAmount Logic should throw validation error on resulting calculation if out of bounds","status":"passed","title":"should throw validation error on resulting calculation if out of bounds","duration":1,"failureMessages":[]},{"ancestorTitles":["","ForecastAmount Logic"],"fullName":" ForecastAmount Logic should handle string inputs","status":"passed","title":"should handle string inputs","duration":0,"failureMessages":[]}],"startTime":1775596716971,"endTime":1775596716979,"status":"passed","message":"","name":"C:/Users/ASUS/Desktop/Modett/Expense Tracker Application/Expense Tracker/modules/budget-planning/tests/forecast.logic.test.ts"},{"assertionResults":[{"ancestorTitles":["","Scenario Entity"],"fullName":" Scenario Entity should create a valid Scenario","status":"passed","title":"should create a valid Scenario","duration":4,"failureMessages":[]},{"ancestorTitles":["","Scenario Entity"],"fullName":" Scenario Entity should update details","status":"passed","title":"should update details","duration":0,"failureMessages":[]},{"ancestorTitles":["","Scenario Entity"],"fullName":" Scenario Entity should handle partial updates","status":"passed","title":"should handle partial updates","duration":0,"failureMessages":[]}],"startTime":1775596717318,"endTime":1775596717322,"status":"passed","message":"","name":"C:/Users/ASUS/Desktop/Modett/Expense Tracker Application/Expense Tracker/modules/budget-planning/tests/scenario.entity.test.ts"}]}