{"numTotalTestSuites":23,"numPassedTestSuites":23,"numFailedTestSuites":0,"numPendingTestSuites":0,"numTotalTests":34,"numPassedTests":33,"numFailedTests":1,"numPendingTests":0,"numTodoTests":0,"startTime":1775631082604,"success":false,"testResults":[{"assertionResults":[{"ancestorTitles":["","Event Outbox Module - Endpoint Tests","Outbox Event Endpoints","POST /:workspaceId/event-outbox/events"],"fullName":" Event Outbox Module - Endpoint Tests Outbox Event Endpoints POST /:workspaceId/event-outbox/events ✅ should store an outbox event","status":"failed","title":"✅ should store an outbox event","duration":28,"failureMessages":["expected { Object (success, statusCode, ...) } to have property \"data.eventId\""],"location":{"line":170,"column":24}},{"ancestorTitles":["","Event Outbox Module - Endpoint Tests","Outbox Event Endpoints","POST /:workspaceId/event-outbox/events"],"fullName":" Event Outbox Module - Endpoint Tests Outbox Event Endpoints POST /:workspaceId/event-outbox/events ❌ should fail without authentication","status":"passed","title":"❌ should fail without authentication","duration":4,"failureMessages":[]},{"ancestorTitles":["","Event Outbox Module - Endpoint Tests","Outbox Event Endpoints","POST /:workspaceId/event-outbox/events"],"fullName":" Event Outbox Module - Endpoint Tests Outbox Event Endpoints POST /:workspaceId/event-outbox/events ❌ should fail with invalid aggregate ID","status":"passed","title":"❌ should fail with invalid aggregate ID","duration":8,"failureMessages":[]},{"ancestorTitles":["","Event Outbox Module - Endpoint Tests","Outbox Event Endpoints","POST /:workspaceId/event-outbox/events"],"fullName":" Event Outbox Module - Endpoint Tests Outbox Event Endpoints POST /:workspaceId/event-outbox/events ❌ should fail with missing required fields","status":"passed","title":"❌ should fail with missing required fields","duration":3,"failureMessages":[]},{"ancestorTitles":["","Event Outbox Module - Endpoint Tests","Outbox Event Endpoints","GET /:workspaceId/event-outbox/events/pending"],"fullName":" Event Outbox Module - Endpoint Tests Outbox Event Endpoints GET /:workspaceId/event-outbox/events/pending ✅ should get pending events","status":"passed","title":"✅ should get pending events","duration":57,"failureMessages":[]},{"ancestorTitles":["","Event Outbox Module - Endpoint Tests","Outbox Event Endpoints","GET /:workspaceId/event-outbox/events/pending"],"fullName":" Event Outbox Module - Endpoint Tests Outbox Event Endpoints GET /:workspaceId/event-outbox/events/pending ✅ should get pending events with limit","status":"passed","title":"✅ should get pending events with limit","duration":13,"failureMessages":[]},{"ancestorTitles":["","Event Outbox Module - Endpoint Tests","Outbox Event Endpoints","GET /:workspaceId/event-outbox/events/pending"],"fullName":" Event Outbox Module - Endpoint Tests Outbox Event Endpoints GET /:workspaceId/event-outbox/events/pending ❌ should fail without authentication","status":"passed","title":"❌ should fail without authentication","duration":1,"failureMessages":[]},{"ancestorTitles":["","Event Outbox Module - Endpoint Tests","Outbox Event Endpoints","GET /:workspaceId/event-outbox/events/failed"],"fullName":" Event Outbox Module - Endpoint Tests Outbox Event Endpoints GET /:workspaceId/event-outbox/events/failed ✅ should get failed events","status":"passed","title":"✅ should get failed events","duration":7,"failureMessages":[]},{"ancestorTitles":["","Event Outbox Module - Endpoint Tests","Outbox Event Endpoints","GET /:workspaceId/event-outbox/events/failed"],"fullName":" Event Outbox Module - Endpoint Tests Outbox Event Endpoints GET /:workspaceId/event-outbox/events/failed ✅ should get failed events with custom max retries","status":"passed","title":"✅ should get failed events with custom max retries","duration":8,"failureMessages":[]},{"ancestorTitles":["","Event Outbox Module - Endpoint Tests","Outbox Event Endpoints","GET /:workspaceId/event-outbox/events/failed"],"fullName":" Event Outbox Module - Endpoint Tests Outbox Event Endpoints GET /:workspaceId/event-outbox/events/failed ❌ should fail without authentication","status":"passed","title":"❌ should fail without authentication","duration":2,"failureMessages":[]},{"ancestorTitles":["","Event Outbox Module - Endpoint Tests","Workspace Authorization"],"fullName":" Event Outbox Module - Endpoint Tests Workspace Authorization ❌ should fail with invalid workspace ID","status":"passed","title":"❌ should fail with invalid workspace ID","duration":4,"failureMessages":[]},{"ancestorTitles":["","Event Outbox Module - Endpoint Tests","Workspace Authorization"],"fullName":" Event Outbox Module - Endpoint Tests Workspace Authorization ❌ should fail with non-UUID workspace ID","status":"passed","title":"❌ should fail with non-UUID workspace ID","duration":3,"failureMessages":[]}],"startTime":1775631106470,"endTime":1775631106608,"status":"failed","message":"","name":"C:/Users/ASUS/Desktop/Modett/Expense Tracker Application/Expense Tracker/modules/event-outbox/tests/event-outbox.endpoints.test.ts"},{"assertionResults":[{"ancestorTitles":["","OutboxEventId","create"],"fullName":" OutboxEventId create should create a new UUID","status":"passed","title":"should create a new UUID","duration":2,"failureMessages":[]},{"ancestorTitles":["","OutboxEventId","create"],"fullName":" OutboxEventId create should create unique IDs","status":"passed","title":"should create unique IDs","duration":1,"failureMessages":[]},{"ancestorTitles":["","OutboxEventId","fromString"],"fullName":" OutboxEventId fromString should create from valid UUID string","status":"passed","title":"should create from valid UUID string","duration":0,"failureMessages":[]},{"ancestorTitles":["","OutboxEventId","fromString"],"fullName":" OutboxEventId fromString should throw error for empty string","status":"passed","title":"should throw error for empty string","duration":1,"failureMessages":[]},{"ancestorTitles":["","OutboxEventId","fromString"],"fullName":" OutboxEventId fromString should throw error for whitespace string","status":"passed","title":"should throw error for whitespace string","duration":1,"failureMessages":[]},{"ancestorTitles":["","OutboxEventId","equals"],"fullName":" OutboxEventId equals should return true for same IDs","status":"passed","title":"should return true for same IDs","duration":0,"failureMessages":[]},{"ancestorTitles":["","OutboxEventId","equals"],"fullName":" OutboxEventId equals should return false for different IDs","status":"passed","title":"should return false for different IDs","duration":0,"failureMessages":[]},{"ancestorTitles":["","OutboxEventId","toString"],"fullName":" OutboxEventId toString should return UUID string","status":"passed","title":"should return UUID string","duration":0,"failureMessages":[]}],"startTime":1775631083724,"endTime":1775631083730,"status":"passed","message":"","name":"C:/Users/ASUS/Desktop/Modett/Expense Tracker Application/Expense Tracker/modules/event-outbox/tests/outbox-event-id.test.ts"},{"assertionResults":[{"ancestorTitles":["","OutboxEvent Entity","create"],"fullName":" OutboxEvent Entity create should create a new outbox event with PENDING status","status":"passed","title":"should create a new outbox event with PENDING status","duration":4,"failureMessages":[]},{"ancestorTitles":["","OutboxEvent Entity","create"],"fullName":" OutboxEvent Entity create should generate unique IDs for each event","status":"passed","title":"should generate unique IDs for each event","duration":1,"failureMessages":[]},{"ancestorTitles":["","OutboxEvent Entity","markAsProcessing"],"fullName":" OutboxEvent Entity markAsProcessing should change status from PENDING to PROCESSING","status":"passed","title":"should change status from PENDING to PROCESSING","duration":1,"failureMessages":[]},{"ancestorTitles":["","OutboxEvent Entity","markAsProcessing"],"fullName":" OutboxEvent Entity markAsProcessing should throw error if event is already PROCESSED","status":"passed","title":"should throw error if event is already PROCESSED","duration":1,"failureMessages":[]},{"ancestorTitles":["","OutboxEvent Entity","markAsProcessed"],"fullName":" OutboxEvent Entity markAsProcessed should change status to PROCESSED and set processedAt","status":"passed","title":"should change status to PROCESSED and set processedAt","duration":0,"failureMessages":[]},{"ancestorTitles":["","OutboxEvent Entity","markAsFailed"],"fullName":" OutboxEvent Entity markAsFailed should change status to FAILED and increment retry count","status":"passed","title":"should change status to FAILED and increment retry count","duration":1,"failureMessages":[]},{"ancestorTitles":["","OutboxEvent Entity","markAsFailed"],"fullName":" OutboxEvent Entity markAsFailed should increment retry count on multiple failures","status":"passed","title":"should increment retry count on multiple failures","duration":0,"failureMessages":[]},{"ancestorTitles":["","OutboxEvent Entity","resetToPending"],"fullName":" OutboxEvent Entity resetToPending should reset FAILED event to PENDING","status":"passed","title":"should reset FAILED event to PENDING","duration":1,"failureMessages":[]},{"ancestorTitles":["","OutboxEvent Entity","resetToPending"],"fullName":" OutboxEvent Entity resetToPending should throw error if trying to reset PROCESSED event","status":"passed","title":"should throw error if trying to reset PROCESSED event","duration":3,"failureMessages":[]},{"ancestorTitles":["","OutboxEvent Entity","canRetry"],"fullName":" OutboxEvent Entity canRetry should return true if retry count is below max retries","status":"passed","title":"should return true if retry count is below max retries","duration":0,"failureMessages":[]},{"ancestorTitles":["","OutboxEvent Entity","canRetry"],"fullName":" OutboxEvent Entity canRetry should return false if retry count exceeds max retries","status":"passed","title":"should return false if retry count exceeds max retries","duration":0,"failureMessages":[]},{"ancestorTitles":["","OutboxEvent Entity","canRetry"],"fullName":" OutboxEvent Entity canRetry should return false if status is not FAILED","status":"passed","title":"should return false if status is not FAILED","duration":1,"failureMessages":[]},{"ancestorTitles":["","OutboxEvent Entity","toDTO"],"fullName":" OutboxEvent Entity toDTO should serialize event to DTO","status":"passed","title":"should serialize event to DTO","duration":1,"failureMessages":[]},{"ancestorTitles":["","OutboxEvent Entity","reconstitute"],"fullName":" OutboxEvent Entity reconstitute should reconstitute event from persisted data","status":"passed","title":"should reconstitute event from persisted data","duration":1,"failureMessages":[]}],"startTime":1775631083878,"endTime":1775631083894,"status":"passed","message":"","name":"C:/Users/ASUS/Desktop/Modett/Expense Tracker Application/Expense Tracker/modules/event-outbox/tests/outbox-event.entity.test.ts"}]}