{"numTotalTestSuites":21,"numPassedTestSuites":21,"numFailedTestSuites":0,"numPendingTestSuites":0,"numTotalTests":25,"numPassedTests":25,"numFailedTests":0,"numPendingTests":0,"numTodoTests":0,"startTime":1775594963257,"success":true,"testResults":[{"assertionResults":[{"ancestorTitles":["","Bank feed mock routes"],"fullName":" Bank feed mock routes Should dump routes","status":"passed","title":"Should dump routes","duration":666,"failureMessages":[]}],"startTime":1775594976697,"endTime":1775594977363,"status":"passed","message":"","name":"C:/Users/ASUS/Desktop/Modett/Expense Tracker Application/Expense Tracker/modules/bank-feed-sync/tests/bank-feed-routes.test.ts"},{"assertionResults":[{"ancestorTitles":["","Bank Feed Sync Module - Endpoint Tests","Bank Connection Endpoints","POST /api/v1/bank-feed/"],"fullName":" Bank Feed Sync Module - Endpoint Tests Bank Connection Endpoints POST /api/v1/bank-feed/ âœ… should create a bank connection","status":"passed","title":"âœ… should create a bank connection","duration":22,"failureMessages":[]},{"ancestorTitles":["","Bank Feed Sync Module - Endpoint Tests","Bank Connection Endpoints","POST /api/v1/bank-feed/"],"fullName":" Bank Feed Sync Module - Endpoint Tests Bank Connection Endpoints POST /api/v1/bank-feed/ âŒ should fail to create connection with missing required fields","status":"passed","title":"âŒ should fail to create connection with missing required fields","duration":3,"failureMessages":[]},{"ancestorTitles":["","Bank Feed Sync Module - Endpoint Tests","Bank Connection Endpoints","POST /api/v1/bank-feed/"],"fullName":" Bank Feed Sync Module - Endpoint Tests Bank Connection Endpoints POST /api/v1/bank-feed/ âŒ should fail without authentication","status":"passed","title":"âŒ should fail without authentication","duration":2,"failureMessages":[]},{"ancestorTitles":["","Bank Feed Sync Module - Endpoint Tests","Bank Connection Endpoints","GET /api/v1/bank-feed/"],"fullName":" Bank Feed Sync Module - Endpoint Tests Bank Connection Endpoints GET /api/v1/bank-feed/ âœ… should get all bank connections","status":"passed","title":"âœ… should get all bank connections","duration":51,"failureMessages":[]},{"ancestorTitles":["","Bank Feed Sync Module - Endpoint Tests","Bank Connection Endpoints","GET /api/v1/bank-feed/:connectionId"],"fullName":" Bank Feed Sync Module - Endpoint Tests Bank Connection Endpoints GET /api/v1/bank-feed/:connectionId âœ… should get a specific bank connection","status":"passed","title":"âœ… should get a specific bank connection","duration":15,"failureMessages":[]},{"ancestorTitles":["","Bank Feed Sync Module - Endpoint Tests","Bank Connection Endpoints","GET /api/v1/bank-feed/:connectionId"],"fullName":" Bank Feed Sync Module - Endpoint Tests Bank Connection Endpoints GET /api/v1/bank-feed/:connectionId âŒ should return 404 for non-existent connection","status":"passed","title":"âŒ should return 404 for non-existent connection","duration":8,"failureMessages":[]},{"ancestorTitles":["","Bank Feed Sync Module - Endpoint Tests","Bank Connection Endpoints","PUT /api/v1/bank-feed/:connectionId/token"],"fullName":" Bank Feed Sync Module - Endpoint Tests Bank Connection Endpoints PUT /api/v1/bank-feed/:connectionId/token âœ… should update connection access token","status":"passed","title":"âœ… should update connection access token","duration":21,"failureMessages":[]},{"ancestorTitles":["","Bank Feed Sync Module - Endpoint Tests","Bank Connection Endpoints","PUT /api/v1/bank-feed/:connectionId/token"],"fullName":" Bank Feed Sync Module - Endpoint Tests Bank Connection Endpoints PUT /api/v1/bank-feed/:connectionId/token âŒ should fail with invalid connection ID","status":"passed","title":"âŒ should fail with invalid connection ID","duration":4,"failureMessages":[]},{"ancestorTitles":["","Bank Feed Sync Module - Endpoint Tests","Bank Connection Endpoints","POST /api/v1/bank-feed/:connectionId/disconnect"],"fullName":" Bank Feed Sync Module - Endpoint Tests Bank Connection Endpoints POST /api/v1/bank-feed/:connectionId/disconnect âœ… should disconnect a bank connection","status":"passed","title":"âœ… should disconnect a bank connection","duration":10,"failureMessages":[]},{"ancestorTitles":["","Bank Feed Sync Module - Endpoint Tests","Bank Connection Endpoints","DELETE /api/v1/bank-feed/:connectionId"],"fullName":" Bank Feed Sync Module - Endpoint Tests Bank Connection Endpoints DELETE /api/v1/bank-feed/:connectionId âœ… should delete a bank connection","status":"passed","title":"âœ… should delete a bank connection","duration":12,"failureMessages":[]},{"ancestorTitles":["","Bank Feed Sync Module - Endpoint Tests","Bank Connection Endpoints","DELETE /api/v1/bank-feed/:connectionId"],"fullName":" Bank Feed Sync Module - Endpoint Tests Bank Connection Endpoints DELETE /api/v1/bank-feed/:connectionId âŒ should return 404 when deleting non-existent connection","status":"passed","title":"âŒ should return 404 when deleting non-existent connection","duration":5,"failureMessages":[]},{"ancestorTitles":["","Bank Feed Sync Module - Endpoint Tests","Transaction Sync Endpoints","POST /api/v1/bank-feed/:connectionId/sync"],"fullName":" Bank Feed Sync Module - Endpoint Tests Transaction Sync Endpoints POST /api/v1/bank-feed/:connectionId/sync âœ… should trigger transaction sync for a connection","status":"passed","title":"âœ… should trigger transaction sync for a connection","duration":33,"failureMessages":[]},{"ancestorTitles":["","Bank Feed Sync Module - Endpoint Tests","Transaction Sync Endpoints","POST /api/v1/bank-feed/:connectionId/sync"],"fullName":" Bank Feed Sync Module - Endpoint Tests Transaction Sync Endpoints POST /api/v1/bank-feed/:connectionId/sync âŒ should fail with invalid connection ID","status":"passed","title":"âŒ should fail with invalid connection ID","duration":6,"failureMessages":[]},{"ancestorTitles":["","Bank Feed Sync Module - Endpoint Tests","Transaction Sync Endpoints","GET /api/v1/bank-feed/:connectionId/sync/history"],"fullName":" Bank Feed Sync Module - Endpoint Tests Transaction Sync Endpoints GET /api/v1/bank-feed/:connectionId/sync/history âœ… should get sync history for a connection","status":"passed","title":"âœ… should get sync history for a connection","duration":9,"failureMessages":[]},{"ancestorTitles":["","Bank Feed Sync Module - Endpoint Tests","Transaction Sync Endpoints","GET /api/v1/bank-feed/sync/:sessionId"],"fullName":" Bank Feed Sync Module - Endpoint Tests Transaction Sync Endpoints GET /api/v1/bank-feed/sync/:sessionId âœ… should get a specific sync session","status":"passed","title":"âœ… should get a specific sync session","duration":7,"failureMessages":[]},{"ancestorTitles":["","Bank Feed Sync Module - Endpoint Tests","Transaction Sync Endpoints","GET /api/v1/bank-feed/sync/active"],"fullName":" Bank Feed Sync Module - Endpoint Tests Transaction Sync Endpoints GET /api/v1/bank-feed/sync/active âœ… should get all active sync sessions","status":"passed","title":"âœ… should get all active sync sessions","duration":8,"failureMessages":[]},{"ancestorTitles":["","Bank Feed Sync Module - Endpoint Tests","Bank Transaction Endpoints","GET /api/v1/bank-feed/transactions/pending"],"fullName":" Bank Feed Sync Module - Endpoint Tests Bank Transaction Endpoints GET /api/v1/bank-feed/transactions/pending âœ… should get pending transactions","status":"passed","title":"âœ… should get pending transactions","duration":12,"failureMessages":[]},{"ancestorTitles":["","Bank Feed Sync Module - Endpoint Tests","Bank Transaction Endpoints","GET /api/v1/bank-feed/transactions/pending"],"fullName":" Bank Feed Sync Module - Endpoint Tests Bank Transaction Endpoints GET /api/v1/bank-feed/transactions/pending âœ… should filter pending transactions by connection","status":"passed","title":"âœ… should filter pending transactions by connection","duration":8,"failureMessages":[]},{"ancestorTitles":["","Bank Feed Sync Module - Endpoint Tests","Bank Transaction Endpoints","GET /api/v1/bank-feed/transactions/:transactionId"],"fullName":" Bank Feed Sync Module - Endpoint Tests Bank Transaction Endpoints GET /api/v1/bank-feed/transactions/:transactionId âœ… should get a specific transaction","status":"passed","title":"âœ… should get a specific transaction","duration":9,"failureMessages":[]},{"ancestorTitles":["","Bank Feed Sync Module - Endpoint Tests","Bank Transaction Endpoints","GET /api/v1/bank-feed/transactions/:transactionId"],"fullName":" Bank Feed Sync Module - Endpoint Tests Bank Transaction Endpoints GET /api/v1/bank-feed/transactions/:transactionId âŒ should return 404 for non-existent transaction","status":"passed","title":"âŒ should return 404 for non-existent transaction","duration":7,"failureMessages":[]},{"ancestorTitles":["","Bank Feed Sync Module - Endpoint Tests","Bank Transaction Endpoints","PUT /api/v1/bank-feed/transactions/:transactionId/process"],"fullName":" Bank Feed Sync Module - Endpoint Tests Bank Transaction Endpoints PUT /api/v1/bank-feed/transactions/:transactionId/process âœ… should mark transaction as imported","status":"passed","title":"âœ… should mark transaction as imported","duration":11,"failureMessages":[]},{"ancestorTitles":["","Bank Feed Sync Module - Endpoint Tests","Bank Transaction Endpoints","PUT /api/v1/bank-feed/transactions/:transactionId/process"],"fullName":" Bank Feed Sync Module - Endpoint Tests Bank Transaction Endpoints PUT /api/v1/bank-feed/transactions/:transactionId/process âœ… should mark transaction as ignored","status":"passed","title":"âœ… should mark transaction as ignored","duration":20,"failureMessages":[]},{"ancestorTitles":["","Bank Feed Sync Module - Endpoint Tests","Bank Transaction Endpoints","PUT /api/v1/bank-feed/transactions/:transactionId/process"],"fullName":" Bank Feed Sync Module - Endpoint Tests Bank Transaction Endpoints PUT /api/v1/bank-feed/transactions/:transactionId/process âŒ should fail with invalid action","status":"passed","title":"âŒ should fail with invalid action","duration":2,"failureMessages":[]},{"ancestorTitles":["","Bank Feed Sync Module - Endpoint Tests","Bank Transaction Endpoints","GET /api/v1/bank-feed/transactions/connection/:connectionId"],"fullName":" Bank Feed Sync Module - Endpoint Tests Bank Transaction Endpoints GET /api/v1/bank-feed/transactions/connection/:connectionId âœ… should get all transactions for a connection","status":"passed","title":"âœ… should get all transactions for a connection","duration":8,"failureMessages":[]}],"startTime":1775594967482,"endTime":1775594967860,"status":"passed","message":"","name":"C:/Users/ASUS/Desktop/Modett/Expense Tracker Application/Expense Tracker/modules/bank-feed-sync/tests/bank-feed-sync.endpoints.test.ts"}]}