{"numTotalTestSuites":21,"numPassedTestSuites":21,"numFailedTestSuites":0,"numPendingTestSuites":0,"numTotalTests":25,"numPassedTests":8,"numFailedTests":17,"numPendingTests":0,"numTodoTests":0,"startTime":1775594604691,"success":false,"testResults":[{"assertionResults":[{"ancestorTitles":["","Bank feed mock routes"],"fullName":" Bank feed mock routes Should dump routes","status":"passed","title":"Should dump routes","duration":700,"failureMessages":[]}],"startTime":1775594617737,"endTime":1775594618437,"status":"passed","message":"","name":"C:/Users/ASUS/Desktop/Modett/Expense Tracker Application/Expense Tracker/modules/bank-feed-sync/tests/bank-feed-routes.test.ts"},{"assertionResults":[{"ancestorTitles":["","Bank Feed Sync Module - Endpoint Tests","Bank Connection Endpoints","POST /api/v1/bank-feed/"],"fullName":" Bank Feed Sync Module - Endpoint Tests Bank Connection Endpoints POST /api/v1/bank-feed/ âœ… should create a bank connection","status":"passed","title":"âœ… should create a bank connection","duration":22,"failureMessages":[]},{"ancestorTitles":["","Bank Feed Sync Module - Endpoint Tests","Bank Connection Endpoints","POST /api/v1/bank-feed/"],"fullName":" Bank Feed Sync Module - Endpoint Tests Bank Connection Endpoints POST /api/v1/bank-feed/ âŒ should fail to create connection with missing required fields","status":"passed","title":"âŒ should fail to create connection with missing required fields","duration":4,"failureMessages":[]},{"ancestorTitles":["","Bank Feed Sync Module - Endpoint Tests","Bank Connection Endpoints","POST /api/v1/bank-feed/"],"fullName":" Bank Feed Sync Module - Endpoint Tests Bank Connection Endpoints POST /api/v1/bank-feed/ âŒ should fail without authentication","status":"passed","title":"âŒ should fail without authentication","duration":2,"failureMessages":[]},{"ancestorTitles":["","Bank Feed Sync Module - Endpoint Tests","Bank Connection Endpoints","GET /api/v1/bank-feed/"],"fullName":" Bank Feed Sync Module - Endpoint Tests Bank Connection Endpoints GET /api/v1/bank-feed/ âœ… should get all bank connections","status":"failed","title":"âœ… should get all bank connections","duration":12,"failureMessages":["expected 500 to be 200 // Object.is equality"],"location":{"line":185,"column":37}},{"ancestorTitles":["","Bank Feed Sync Module - Endpoint Tests","Bank Connection Endpoints","GET /api/v1/bank-feed/:connectionId"],"fullName":" Bank Feed Sync Module - Endpoint Tests Bank Connection Endpoints GET /api/v1/bank-feed/:connectionId âœ… should get a specific bank connection","status":"failed","title":"âœ… should get a specific bank connection","duration":7,"failureMessages":["expected 500 to be 200 // Object.is equality"],"location":{"line":205,"column":37}},{"ancestorTitles":["","Bank Feed Sync Module - Endpoint Tests","Bank Connection Endpoints","GET /api/v1/bank-feed/:connectionId"],"fullName":" Bank Feed Sync Module - Endpoint Tests Bank Connection Endpoints GET /api/v1/bank-feed/:connectionId âŒ should return 404 for non-existent connection","status":"failed","title":"âŒ should return 404 for non-existent connection","duration":9,"failureMessages":["expected 500 to be 404 // Object.is equality"],"location":{"line":219,"column":37}},{"ancestorTitles":["","Bank Feed Sync Module - Endpoint Tests","Bank Connection Endpoints","PUT /api/v1/bank-feed/:connectionId/token"],"fullName":" Bank Feed Sync Module - Endpoint Tests Bank Connection Endpoints PUT /api/v1/bank-feed/:connectionId/token âœ… should update connection access token","status":"failed","title":"âœ… should update connection access token","duration":5,"failureMessages":["{\"success\":false,\"statusCode\":500,\"error\":\"Internal Server Error\",\"message\":\"this.transactionSyncService.updateConnectionToken is not a function\"}"],"location":{"line":243,"column":17}},{"ancestorTitles":["","Bank Feed Sync Module - Endpoint Tests","Bank Connection Endpoints","PUT /api/v1/bank-feed/:connectionId/token"],"fullName":" Bank Feed Sync Module - Endpoint Tests Bank Connection Endpoints PUT /api/v1/bank-feed/:connectionId/token âŒ should fail with invalid connection ID","status":"passed","title":"âŒ should fail with invalid connection ID","duration":3,"failureMessages":[]},{"ancestorTitles":["","Bank Feed Sync Module - Endpoint Tests","Bank Connection Endpoints","POST /api/v1/bank-feed/:connectionId/disconnect"],"fullName":" Bank Feed Sync Module - Endpoint Tests Bank Connection Endpoints POST /api/v1/bank-feed/:connectionId/disconnect âœ… should disconnect a bank connection","status":"failed","title":"âœ… should disconnect a bank connection","duration":6,"failureMessages":["expected 500 to be 204 // Object.is equality"],"location":{"line":277,"column":37}},{"ancestorTitles":["","Bank Feed Sync Module - Endpoint Tests","Bank Connection Endpoints","DELETE /api/v1/bank-feed/:connectionId"],"fullName":" Bank Feed Sync Module - Endpoint Tests Bank Connection Endpoints DELETE /api/v1/bank-feed/:connectionId âœ… should delete a bank connection","status":"failed","title":"âœ… should delete a bank connection","duration":6,"failureMessages":["expected 500 to be 204 // Object.is equality"],"location":{"line":293,"column":37}},{"ancestorTitles":["","Bank Feed Sync Module - Endpoint Tests","Bank Connection Endpoints","DELETE /api/v1/bank-feed/:connectionId"],"fullName":" Bank Feed Sync Module - Endpoint Tests Bank Connection Endpoints DELETE /api/v1/bank-feed/:connectionId âŒ should return 404 when deleting non-existent connection","status":"failed","title":"âŒ should return 404 when deleting non-existent connection","duration":3,"failureMessages":["expected 500 to be 404 // Object.is equality"],"location":{"line":305,"column":37}},{"ancestorTitles":["","Bank Feed Sync Module - Endpoint Tests","Transaction Sync Endpoints","POST /api/v1/bank-feed/:connectionId/sync"],"fullName":" Bank Feed Sync Module - Endpoint Tests Transaction Sync Endpoints POST /api/v1/bank-feed/:connectionId/sync âœ… should trigger transaction sync for a connection","status":"passed","title":"âœ… should trigger transaction sync for a connection","duration":30,"failureMessages":[]},{"ancestorTitles":["","Bank Feed Sync Module - Endpoint Tests","Transaction Sync Endpoints","POST /api/v1/bank-feed/:connectionId/sync"],"fullName":" Bank Feed Sync Module - Endpoint Tests Transaction Sync Endpoints POST /api/v1/bank-feed/:connectionId/sync âŒ should fail with invalid connection ID","status":"passed","title":"âŒ should fail with invalid connection ID","duration":6,"failureMessages":[]},{"ancestorTitles":["","Bank Feed Sync Module - Endpoint Tests","Transaction Sync Endpoints","GET /api/v1/bank-feed/:connectionId/sync/history"],"fullName":" Bank Feed Sync Module - Endpoint Tests Transaction Sync Endpoints GET /api/v1/bank-feed/:connectionId/sync/history âœ… should get sync history for a connection","status":"failed","title":"âœ… should get sync history for a connection","duration":4,"failureMessages":["expected 500 to be 200 // Object.is equality"],"location":{"line":395,"column":37}},{"ancestorTitles":["","Bank Feed Sync Module - Endpoint Tests","Transaction Sync Endpoints","GET /api/v1/bank-feed/sync/:sessionId"],"fullName":" Bank Feed Sync Module - Endpoint Tests Transaction Sync Endpoints GET /api/v1/bank-feed/sync/:sessionId âœ… should get a specific sync session","status":"failed","title":"âœ… should get a specific sync session","duration":2,"failureMessages":["expected 400 to be 200 // Object.is equality"],"location":{"line":419,"column":37}},{"ancestorTitles":["","Bank Feed Sync Module - Endpoint Tests","Transaction Sync Endpoints","GET /api/v1/bank-feed/sync/active"],"fullName":" Bank Feed Sync Module - Endpoint Tests Transaction Sync Endpoints GET /api/v1/bank-feed/sync/active âœ… should get all active sync sessions","status":"failed","title":"âœ… should get all active sync sessions","duration":5,"failureMessages":["expected 500 to be 200 // Object.is equality"],"location":{"line":438,"column":37}},{"ancestorTitles":["","Bank Feed Sync Module - Endpoint Tests","Bank Transaction Endpoints","GET /api/v1/bank-feed/transactions/pending"],"fullName":" Bank Feed Sync Module - Endpoint Tests Bank Transaction Endpoints GET /api/v1/bank-feed/transactions/pending âœ… should get pending transactions","status":"failed","title":"âœ… should get pending transactions","duration":5,"failureMessages":["expected 500 to be 200 // Object.is equality"],"location":{"line":531,"column":37}},{"ancestorTitles":["","Bank Feed Sync Module - Endpoint Tests","Bank Transaction Endpoints","GET /api/v1/bank-feed/transactions/pending"],"fullName":" Bank Feed Sync Module - Endpoint Tests Bank Transaction Endpoints GET /api/v1/bank-feed/transactions/pending âœ… should filter pending transactions by connection","status":"failed","title":"âœ… should filter pending transactions by connection","duration":3,"failureMessages":["expected 500 to be 200 // Object.is equality"],"location":{"line":551,"column":37}},{"ancestorTitles":["","Bank Feed Sync Module - Endpoint Tests","Bank Transaction Endpoints","GET /api/v1/bank-feed/transactions/:transactionId"],"fullName":" Bank Feed Sync Module - Endpoint Tests Bank Transaction Endpoints GET /api/v1/bank-feed/transactions/:transactionId âœ… should get a specific transaction","status":"failed","title":"âœ… should get a specific transaction","duration":4,"failureMessages":["expected 500 to be 200 // Object.is equality"],"location":{"line":569,"column":37}},{"ancestorTitles":["","Bank Feed Sync Module - Endpoint Tests","Bank Transaction Endpoints","GET /api/v1/bank-feed/transactions/:transactionId"],"fullName":" Bank Feed Sync Module - Endpoint Tests Bank Transaction Endpoints GET /api/v1/bank-feed/transactions/:transactionId âŒ should return 404 for non-existent transaction","status":"failed","title":"âŒ should return 404 for non-existent transaction","duration":4,"failureMessages":["expected 500 to be 404 // Object.is equality"],"location":{"line":583,"column":37}},{"ancestorTitles":["","Bank Feed Sync Module - Endpoint Tests","Bank Transaction Endpoints","PUT /api/v1/bank-feed/transactions/:transactionId/process"],"fullName":" Bank Feed Sync Module - Endpoint Tests Bank Transaction Endpoints PUT /api/v1/bank-feed/transactions/:transactionId/process âœ… should mark transaction as imported","status":"failed","title":"âœ… should mark transaction as imported","duration":4,"failureMessages":["expected 500 to be 200 // Object.is equality"],"location":{"line":604,"column":37}},{"ancestorTitles":["","Bank Feed Sync Module - Endpoint Tests","Bank Transaction Endpoints","PUT /api/v1/bank-feed/transactions/:transactionId/process"],"fullName":" Bank Feed Sync Module - Endpoint Tests Bank Transaction Endpoints PUT /api/v1/bank-feed/transactions/:transactionId/process âœ… should mark transaction as ignored","status":"failed","title":"âœ… should mark transaction as ignored","duration":16,"failureMessages":["expected 500 to be 200 // Object.is equality"],"location":{"line":664,"column":37}},{"ancestorTitles":["","Bank Feed Sync Module - Endpoint Tests","Bank Transaction Endpoints","PUT /api/v1/bank-feed/transactions/:transactionId/process"],"fullName":" Bank Feed Sync Module - Endpoint Tests Bank Transaction Endpoints PUT /api/v1/bank-feed/transactions/:transactionId/process âŒ should fail with invalid action","status":"passed","title":"âŒ should fail with invalid action","duration":3,"failureMessages":[]},{"ancestorTitles":["","Bank Feed Sync Module - Endpoint Tests","Bank Transaction Endpoints","GET /api/v1/bank-feed/transactions/connection/:connectionId"],"fullName":" Bank Feed Sync Module - Endpoint Tests Bank Transaction Endpoints GET /api/v1/bank-feed/transactions/connection/:connectionId âœ… should get all transactions for a connection","status":"failed","title":"âœ… should get all transactions for a connection","duration":4,"failureMessages":["expected 500 to be 200 // Object.is equality"],"location":{"line":697,"column":37}}],"startTime":1775594608821,"endTime":1775594609063,"status":"failed","message":"","name":"C:/Users/ASUS/Desktop/Modett/Expense Tracker Application/Expense Tracker/modules/bank-feed-sync/tests/bank-feed-sync.endpoints.test.ts"}]}